   Cloning default registries into `~/.julia`
   Cloning registry from "https://github.com/JuliaRegistries/General.git"
[?25l    Fetching: [>                                        ]  0.0 %    Fetching: [===========================>             ]  66.7 %[2K[?25h     Added registry `General` to `~/.julia/registries/General`
 Resolving package versions...
 Installed ProgressMeter ─ v1.0.0
  Updating `~/.julia/environments/v1.2/Project.toml`
  [92933f4c] + ProgressMeter v1.0.0
  Updating `~/.julia/environments/v1.2/Manifest.toml`
  [92933f4c] + ProgressMeter v1.0.0
  [8ba89e20] + Distributed 
  [de0858da] + Printf 
  [9a3f8284] + Random 
  [9e88b42a] + Serialization 
  [6462fe0b] + Sockets 
  [4ec0a83e] + Unicode 
   Cloning git-repo `https://github.com/wildart/TOML.jl.git`
[?25l    Fetching: [>                                        ]  0.0 %[2K[?25h  Updating git-repo `https://github.com/wildart/TOML.jl.git`
[?25l    Fetching: [>                                        ]  0.0 %[2K[?25h  Updating git-repo `https://github.com/wildart/TOML.jl.git`
[?25l[2K[?25h Resolving package versions...
  Updating `~/.julia/environments/v1.2/Project.toml`
  [191fdcea] + TOML v0.4.0 #master (https://github.com/wildart/TOML.jl.git)
  Updating `~/.julia/environments/v1.2/Manifest.toml`
  [191fdcea] + TOML v0.4.0 #master (https://github.com/wildart/TOML.jl.git)
  [ade2ca70] + Dates 
┌ Warning: special characters "#{}()[]<>|&*?~;" should now be quoted in commands
│   caller = #shell_parse#353(::String, ::typeof(Base.shell_parse), ::String, ::Bool) at shell.jl:100
└ @ Base ./shell.jl:100

Installing ACME
 Resolving package versions...
Pkg.Types.ResolverError("Unsatisfiable requirements detected for package ProgressMeter [92933f4c]:\n ProgressMeter [92933f4c] log:\n ├─possible versions are: [0.0.1-0.0.2, 0.1.0-0.1.3, 0.2.0-0.2.3, 0.3.0-0.3.4, 0.4.0, 0.5.0-0.5.6, 0.6.0-0.6.1, 0.7.0, 0.8.0, 0.9.0, 1.0.0] or uninstalled\n ├─restricted to versions 1.0.0 by an explicit requirement, leaving only versions 1.0.0\n └─restricted by compatibility requirements with ACME [ca8b7239] to versions: [0.2.1-0.2.3, 0.3.0-0.3.4, 0.4.0, 0.5.0-0.5.6, 0.6.0-0.6.1, 0.7.0, 0.8.0, 0.9.0] — no versions left\n   └─ACME [ca8b7239] log:\n     ├─possible versions are: [0.1.0-0.1.2, 0.2.0-0.2.2, 0.3.0, 0.4.0-0.4.2, 0.5.0-0.5.1, 0.6.0-0.6.2, 0.7.0-0.7.5, 0.8.0] or uninstalled\n     ├─restricted to versions * by an explicit requirement, leaving only versions [0.1.0-0.1.2, 0.2.0-0.2.2, 0.3.0, 0.4.0-0.4.2, 0.5.0-0.5.1, 0.6.0-0.6.2, 0.7.0-0.7.5, 0.8.0]\n     └─restricted by julia compatibility requirements to versions: [0.7.4-0.7.5, 0.8.0] or uninstalled, leaving only versions: [0.7.4-0.7.5, 0.8.0]", nothing)
Progress:   0%|                                         |  ETA: 1:00:42[K
Installing ADCME
 Resolving package versions...
 Installed StatsBase ────────────── v0.32.0
 Installed Missings ─────────────── v0.4.1
 Installed DataAPI ──────────────── v1.0.1
 Installed AbstractFFTs ─────────── v0.4.1
 Installed BinaryProvider ───────── v0.5.6
 Installed CommonSubexpressions ─── v0.2.0
 Installed LineSearches ─────────── v7.0.1
 Installed ADCME ────────────────── v0.2.2
 Installed HDF5 ─────────────────── v0.12.3
 Installed URIParser ────────────── v0.4.0
 Installed Tokenize ─────────────── v0.5.6
 Installed Blosc ────────────────── v0.5.1
 Installed Conda ────────────────── v1.3.0
 Installed Reexport ─────────────── v0.2.0
 Installed Libz ─────────────────── v1.0.0
 Installed NLSolversBase ────────── v7.4.1
 Installed CSTParser ────────────── v0.6.2
 Installed PyCall ───────────────── v1.91.2
 Installed Compat ───────────────── v2.1.0
 Installed OrderedCollections ───── v1.1.0
 Installed DataStructures ───────── v0.17.0
 Installed Calculus ─────────────── v0.5.0
 Installed ForwardDiff ──────────── v0.10.3
 Installed MathProgBase ─────────── v0.7.7
 Installed Parsers ──────────────── v0.3.6
 Installed JSON ─────────────────── v0.21.0
 Installed DiffEqDiffTools ──────── v0.14.0
 Installed DiffRules ────────────── v0.0.10
 Installed NaNMath ──────────────── v0.3.2
 Installed NLopt ────────────────── v0.5.1
 Installed DiffResults ──────────── v0.0.4
 Installed StaticArrays ─────────── v0.11.0
 Installed MAT ──────────────────── v0.5.0
 Installed VersionParsing ───────── v1.1.3
 Installed CMake ────────────────── v1.1.2
 Installed Parameters ───────────── v0.11.0
 Installed BufferedStreams ──────── v1.0.0
 Installed CMakeWrapper ─────────── v0.2.3
 Installed MacroTools ───────────── v0.5.1
 Installed SortingAlgorithms ────── v0.3.1
 Installed FFTW ─────────────────── v0.3.0
 Installed PositiveFactorizations ─ v0.2.2
 Installed BinDeps ──────────────── v0.8.10
 Installed SpecialFunctions ─────── v0.7.2
 Installed Optim ────────────────── v0.18.1
  Updating `~/.julia/environments/v1.2/Project.toml`
  [07b341a0] + ADCME v0.2.2
  Updating `~/.julia/environments/v1.2/Manifest.toml`
  [07b341a0] + ADCME v0.2.2
  [621f4979] + AbstractFFTs v0.4.1
  [9e28174c] + BinDeps v0.8.10
  [b99e7846] + BinaryProvider v0.5.6
  [a74b3585] + Blosc v0.5.1
  [e1450e63] + BufferedStreams v1.0.0
  [631607c0] + CMake v1.1.2
  [d5fb7624] + CMakeWrapper v0.2.3
  [00ebfdb7] + CSTParser v0.6.2
  [49dc2e85] + Calculus v0.5.0
  [bbf7d656] + CommonSubexpressions v0.2.0
  [34da2185] + Compat v2.1.0
  [8f4d0f93] + Conda v1.3.0
  [9a962f9c] + DataAPI v1.0.1
  [864edb3b] + DataStructures v0.17.0
  [01453d9d] + DiffEqDiffTools v0.14.0
  [163ba53b] + DiffResults v0.0.4
  [b552c78f] + DiffRules v0.0.10
  [7a1cc6ca] + FFTW v0.3.0
  [f6369f11] + ForwardDiff v0.10.3
  [f67ccb44] + HDF5 v0.12.3
  [682c06a0] + JSON v0.21.0
  [2ec943e9] + Libz v1.0.0
  [d3d80556] + LineSearches v7.0.1
  [23992714] + MAT v0.5.0
  [1914dd2f] + MacroTools v0.5.1
  [fdba3010] + MathProgBase v0.7.7
  [e1d29d7a] + Missings v0.4.1
  [d41bc354] + NLSolversBase v7.4.1
  [76087f3c] + NLopt v0.5.1
  [77ba4419] + NaNMath v0.3.2
  [429524aa] + Optim v0.18.1
  [bac558e1] + OrderedCollections v1.1.0
  [d96e819e] + Parameters v0.11.0
  [69de0a69] + Parsers v0.3.6
  [85a6dd25] + PositiveFactorizations v0.2.2
  [438e738f] + PyCall v1.91.2
  [189a3867] + Reexport v0.2.0
  [a2af1166] + SortingAlgorithms v0.3.1
  [276daf66] + SpecialFunctions v0.7.2
  [90137ffa] + StaticArrays v0.11.0
  [2913bbd2] + StatsBase v0.32.0
  [0796e94c] + Tokenize v0.5.6
  [30578b45] + URIParser v0.4.0
  [81def892] + VersionParsing v1.1.3
  [2a0f44e3] + Base64 
  [8bb1440f] + DelimitedFiles 
  [b77e0a4c] + InteractiveUtils 
  [76f85450] + LibGit2 
  [8f399da3] + Libdl 
  [37e2e46d] + LinearAlgebra 
  [56ddb016] + Logging 
  [d6f4376e] + Markdown 
  [a63ad114] + Mmap 
  [44cfe95a] + Pkg 
  [3fa0cd96] + REPL 
  [ea8e919c] + SHA 
  [1a1011a3] + SharedArrays 
  [2f01184e] + SparseArrays 
  [10745b16] + Statistics 
  [8dfed614] + Test 
  [cf7118a7] + UUIDs 
  Building CMake ───────────→ `~/.julia/packages/CMake/nSK2r/deps/build.log`
  Building Blosc ───────────→ `~/.julia/packages/Blosc/lzFr0/deps/build.log`
  Building HDF5 ────────────→ `~/.julia/packages/HDF5/DktP4/deps/build.log`
  Building NLopt ───────────→ `~/.julia/packages/NLopt/eqN9a/deps/build.log`
  Building Conda ───────────→ `~/.julia/packages/Conda/kLXeC/deps/build.log`
  Building PyCall ──────────→ `~/.julia/packages/PyCall/ttONZ/deps/build.log`
  Building SpecialFunctions → `~/.julia/packages/SpecialFunctions/fvheQ/deps/build.log`
  Building FFTW ────────────→ `~/.julia/packages/FFTW/2okGQ/deps/build.log`
  Building ADCME ───────────→ `~/.julia/packages/ADCME/wHsvc/deps/build.log`
┌ Error: Error building `ADCME`: 
│ pip 9.0.3 from /usr/lib/python3.7/site-packages (python 3.7)
│ Requirement already up-to-date: numpy in /home/ec2-user/.local/lib/python3.7/site-packages
│ Collecting tensorflow==1.14
│   Downloading https://files.pythonhosted.org/packages/f4/28/96efba1a516cdacc2e2d6d081f699c001d414cc8ca3250e6d59ae657eb2b/tensorflow-1.14.0-cp37-cp37m-manylinux1_x86_64.whl (109.3MB)
│ Exception:
│ Traceback (most recent call last):
│   File "/usr/lib/python3.7/site-packages/pip/basecommand.py", line 215, in main
│     status = self.run(options, args)
│   File "/usr/lib/python3.7/site-packages/pip/commands/install.py", line 346, in run
│     requirement_set.prepare_files(finder)
│   File "/usr/lib/python3.7/site-packages/pip/req/req_set.py", line 380, in prepare_files
│     ignore_dependencies=self.ignore_dependencies))
│   File "/usr/lib/python3.7/site-packages/pip/req/req_set.py", line 620, in _prepare_file
│     session=self.session, hashes=hashes)
│   File "/usr/lib/python3.7/site-packages/pip/download.py", line 821, in unpack_url
│     hashes=hashes
│   File "/usr/lib/python3.7/site-packages/pip/download.py", line 659, in unpack_http_url
│     hashes)
│   File "/usr/lib/python3.7/site-packages/pip/download.py", line 882, in _download_http_url
│     _download_url(resp, link, content_file, hashes)
│   File "/usr/lib/python3.7/site-packages/pip/download.py", line 603, in _download_url
│     hashes.check_against_chunks(downloaded_chunks)
│   File "/usr/lib/python3.7/site-packages/pip/utils/hashes.py", line 46, in check_against_chunks
│     for chunk in chunks:
│   File "/usr/lib/python3.7/site-packages/pip/download.py", line 571, in written_chunks
│     for chunk in chunks:
│   File "/usr/lib/python3.7/site-packages/pip/utils/ui.py", line 139, in iter
│     for x in it:
│   File "/usr/lib/python3.7/site-packages/pip/download.py", line 560, in resp_read
│     decode_content=False):
│   File "/usr/lib/python3.7/site-packages/pip/_vendor/urllib3/response.py", line 436, in stream
│     data = self.read(amt=amt, decode_content=decode_content)
│   File "/usr/lib/python3.7/site-packages/pip/_vendor/urllib3/response.py", line 384, in read
│     data = self._fp.read(amt)
│   File "/usr/lib/python3.7/site-packages/pip/_vendor/cachecontrol/filewrapper.py", line 63, in read
│     self._close()
│   File "/usr/lib/python3.7/site-packages/pip/_vendor/cachecontrol/filewrapper.py", line 50, in _close
│     self.__callback(self.__buf.getvalue())
│   File "/usr/lib/python3.7/site-packages/pip/_vendor/cachecontrol/controller.py", line 275, in cache_response
│     self.serializer.dumps(request, response, body=body),
│   File "/usr/lib/python3.7/site-packages/pip/_vendor/cachecontrol/serialize.py", line 86, in dumps
│     data, separators=(",", ":"), sort_keys=True,
│   File "/usr/lib64/python3.7/json/__init__.py", line 238, in dumps
│     **kw).encode(obj)
│   File "/usr/lib64/python3.7/json/encoder.py", line 199, in encode
│     chunks = self.iterencode(o, _one_shot=True)
│   File "/usr/lib64/python3.7/json/encoder.py", line 257, in iterencode
│     return _iterencode(o, 0)
│ MemoryError
│ ERROR: LoadError: failed process: Process(`python3 -m pip install --user tensorflow==1.14`, ProcessExited(2)) [2]
│ 
│ Stacktrace:
│  [1] pipeline_error at ./process.jl:813 [inlined]
│  [2] #run#536(::Bool, ::typeof(run), ::Cmd) at ./process.jl:728
│  [3] run at ./process.jl:726 [inlined]
│  [4] install_tensorflow() at /home/ec2-user/.julia/packages/ADCME/wHsvc/deps/build.jl:18
│  [5] top-level scope at /home/ec2-user/.julia/packages/ADCME/wHsvc/deps/build.jl:24
│  [6] include at ./boot.jl:328 [inlined]
│  [7] include_relative(::Module, ::String) at ./loading.jl:1094
│  [8] include(::Module, ::String) at ./Base.jl:31
│  [9] include(::String) at ./client.jl:431
│  [10] top-level scope at none:5
│ in expression starting at /home/ec2-user/.julia/packages/ADCME/wHsvc/deps/build.jl:21
│ caused by [exception 1]
│ PyError (PyImport_ImportModule
│ 
│ The Python package tensorflow could not be found by pyimport. Usually this means
│ that you did not install tensorflow in the Python version being used by PyCall.
│ 
│ PyCall is currently configured to use the Python version at:
│ 
│ /usr/bin/python3
│ 
│ and you should use whatever mechanism you usually use (apt-get, pip, conda,
│ etcetera) to install the Python package containing the tensorflow module.
│ 
│ One alternative is to re-configure PyCall to use a different Python
│ version on your system: set ENV["PYTHON"] to the path/name of the python
│ executable you want to use, run Pkg.build("PyCall"), and re-launch Julia.
│ 
│ Another alternative is to configure PyCall to use a Julia-specific Python
│ distribution via the Conda.jl package (which installs a private Anaconda
│ Python distribution), which has the advantage that packages can be installed
│ and kept up-to-date via Julia.  As explained in the PyCall documentation,
│ set ENV["PYTHON"]="", run Pkg.build("PyCall"), and re-launch Julia. Then,
│ To install the tensorflow module, you can use `pyimport_conda("tensorflow", PKG)`,
│ where PKG is the Anaconda package the contains the module tensorflow,
│ or alternatively you can use the Conda package directly (via
│ `using Conda` followed by `Conda.add` etcetera).
│ 
│ ) <class 'ModuleNotFoundError'>
│ ModuleNotFoundError("No module named 'tensorflow'")
│ 
│ Stacktrace:
│  [1] pyimport(::String) at /home/ec2-user/.julia/packages/PyCall/ttONZ/src/PyCall.jl:544
│  [2] top-level scope at /home/ec2-user/.julia/packages/ADCME/wHsvc/deps/build.jl:22
│  [3] include at ./boot.jl:328 [inlined]
│  [4] include_relative(::Module, ::String) at ./loading.jl:1094
│  [5] include(::Module, ::String) at ./Base.jl:31
│  [6] include(::String) at ./client.jl:431
│  [7] top-level scope at none:5
└ @ Pkg.Operations /buildworker/worker/package_linux64/build/usr/share/julia/stdlib/v1.2/Pkg/src/backwards_compatible_isolation.jl:647
  Building CMake ───────────→ `~/.julia/packages/CMake/nSK2r/deps/build.log`
  Building Blosc ───────────→ `~/.julia/packages/Blosc/lzFr0/deps/build.log`
  Building HDF5 ────────────→ `~/.julia/packages/HDF5/DktP4/deps/build.log`
  Building NLopt ───────────→ `~/.julia/packages/NLopt/eqN9a/deps/build.log`
  Building Conda ───────────→ `~/.julia/packages/Conda/kLXeC/deps/build.log`
  Building PyCall ──────────→ `~/.julia/packages/PyCall/ttONZ/deps/build.log`
  Building SpecialFunctions → `~/.julia/packages/SpecialFunctions/fvheQ/deps/build.log`
  Building FFTW ────────────→ `~/.julia/packages/FFTW/2okGQ/deps/build.log`
  Building ADCME ───────────→ `~/.julia/packages/ADCME/wHsvc/deps/build.log`
┌ Error: Error building `ADCME`: 
│ pip 9.0.3 from /usr/lib/python3.7/site-packages (python 3.7)
│ Requirement already up-to-date: numpy in /home/ec2-user/.local/lib/python3.7/site-packages
│ Collecting tensorflow==1.14
│   Downloading https://files.pythonhosted.org/packages/f4/28/96efba1a516cdacc2e2d6d081f699c001d414cc8ca3250e6d59ae657eb2b/tensorflow-1.14.0-cp37-cp37m-manylinux1_x86_64.whl (109.3MB)
│ Exception:
│ Traceback (most recent call last):
│   File "/usr/lib/python3.7/site-packages/pip/basecommand.py", line 215, in main
│     status = self.run(options, args)
│   File "/usr/lib/python3.7/site-packages/pip/commands/install.py", line 346, in run
│     requirement_set.prepare_files(finder)
│   File "/usr/lib/python3.7/site-packages/pip/req/req_set.py", line 380, in prepare_files
│     ignore_dependencies=self.ignore_dependencies))
│   File "/usr/lib/python3.7/site-packages/pip/req/req_set.py", line 620, in _prepare_file
│     session=self.session, hashes=hashes)
│   File "/usr/lib/python3.7/site-packages/pip/download.py", line 821, in unpack_url
│     hashes=hashes
│   File "/usr/lib/python3.7/site-packages/pip/download.py", line 659, in unpack_http_url
│     hashes)
│   File "/usr/lib/python3.7/site-packages/pip/download.py", line 882, in _download_http_url
│     _download_url(resp, link, content_file, hashes)
│   File "/usr/lib/python3.7/site-packages/pip/download.py", line 603, in _download_url
│     hashes.check_against_chunks(downloaded_chunks)
│   File "/usr/lib/python3.7/site-packages/pip/utils/hashes.py", line 46, in check_against_chunks
│     for chunk in chunks:
│   File "/usr/lib/python3.7/site-packages/pip/download.py", line 571, in written_chunks
│     for chunk in chunks:
│   File "/usr/lib/python3.7/site-packages/pip/utils/ui.py", line 139, in iter
│     for x in it:
│   File "/usr/lib/python3.7/site-packages/pip/download.py", line 560, in resp_read
│     decode_content=False):
│   File "/usr/lib/python3.7/site-packages/pip/_vendor/urllib3/response.py", line 436, in stream
│     data = self.read(amt=amt, decode_content=decode_content)
│   File "/usr/lib/python3.7/site-packages/pip/_vendor/urllib3/response.py", line 384, in read
│     data = self._fp.read(amt)
│   File "/usr/lib/python3.7/site-packages/pip/_vendor/cachecontrol/filewrapper.py", line 63, in read
│     self._close()
│   File "/usr/lib/python3.7/site-packages/pip/_vendor/cachecontrol/filewrapper.py", line 50, in _close
│     self.__callback(self.__buf.getvalue())
│   File "/usr/lib/python3.7/site-packages/pip/_vendor/cachecontrol/controller.py", line 275, in cache_response
│     self.serializer.dumps(request, response, body=body),
│   File "/usr/lib/python3.7/site-packages/pip/_vendor/cachecontrol/serialize.py", line 86, in dumps
│     data, separators=(",", ":"), sort_keys=True,
│   File "/usr/lib64/python3.7/json/__init__.py", line 238, in dumps
│     **kw).encode(obj)
│   File "/usr/lib64/python3.7/json/encoder.py", line 199, in encode
│     chunks = self.iterencode(o, _one_shot=True)
│   File "/usr/lib64/python3.7/json/encoder.py", line 257, in iterencode
│     return _iterencode(o, 0)
│ MemoryError
│ ERROR: LoadError: failed process: Process(`/usr/bin/python3 -m pip install --user tensorflow==1.14`, ProcessExited(2)) [2]
│ 
│ Stacktrace:
│  [1] pipeline_error at ./process.jl:813 [inlined]
│  [2] #run#536(::Bool, ::typeof(run), ::Cmd) at ./process.jl:728
│  [3] run at ./process.jl:726 [inlined]
│  [4] install_tensorflow() at /home/ec2-user/.julia/packages/ADCME/wHsvc/deps/build.jl:18
│  [5] top-level scope at /home/ec2-user/.julia/packages/ADCME/wHsvc/deps/build.jl:24
│  [6] include at ./boot.jl:328 [inlined]
│  [7] include_relative(::Module, ::String) at ./loading.jl:1094
│  [8] include(::Module, ::String) at ./Base.jl:31
│  [9] include(::String) at ./client.jl:431
│  [10] top-level scope at none:5
│ in expression starting at /home/ec2-user/.julia/packages/ADCME/wHsvc/deps/build.jl:21
│ caused by [exception 1]
│ PyError (PyImport_ImportModule
│ 
│ The Python package tensorflow could not be found by pyimport. Usually this means
│ that you did not install tensorflow in the Python version being used by PyCall.
│ 
│ PyCall is currently configured to use the Python version at:
│ 
│ /usr/bin/python3
│ 
│ and you should use whatever mechanism you usually use (apt-get, pip, conda,
│ etcetera) to install the Python package containing the tensorflow module.
│ 
│ One alternative is to re-configure PyCall to use a different Python
│ version on your system: set ENV["PYTHON"] to the path/name of the python
│ executable you want to use, run Pkg.build("PyCall"), and re-launch Julia.
│ 
│ Another alternative is to configure PyCall to use a Julia-specific Python
│ distribution via the Conda.jl package (which installs a private Anaconda
│ Python distribution), which has the advantage that packages can be installed
│ and kept up-to-date via Julia.  As explained in the PyCall documentation,
│ set ENV["PYTHON"]="", run Pkg.build("PyCall"), and re-launch Julia. Then,
│ To install the tensorflow module, you can use `pyimport_conda("tensorflow", PKG)`,
│ where PKG is the Anaconda package the contains the module tensorflow,
│ or alternatively you can use the Conda package directly (via
│ `using Conda` followed by `Conda.add` etcetera).
│ 
│ ) <class 'ModuleNotFoundError'>
│ ModuleNotFoundError("No module named 'tensorflow'")
│ 
│ Stacktrace:
│  [1] pyimport(::String) at /home/ec2-user/.julia/packages/PyCall/ttONZ/src/PyCall.jl:544
│  [2] top-level scope at /home/ec2-user/.julia/packages/ADCME/wHsvc/deps/build.jl:22
│  [3] include at ./boot.jl:328 [inlined]
│  [4] include_relative(::Module, ::String) at ./loading.jl:1094
│  [5] include(::Module, ::String) at ./Base.jl:31
│  [6] include(::String) at ./client.jl:431
│  [7] top-level scope at none:5
└ @ Pkg.Operations /buildworker/worker/package_linux64/build/usr/share/julia/stdlib/v1.2/Pkg/src/backwards_compatible_isolation.jl:647
