fatal: destination path '/home/ec2-user/.julia/packages/Xtensor/keFSH/deps/xtl' already exists and is not an empty directory.
[ Info: Attempting to create directory /home/ec2-user/.julia/packages/Xtensor/keFSH/deps/../builds/xtl
[ Info: Directory /home/ec2-user/.julia/packages/Xtensor/keFSH/deps/../builds/xtl already exists
[ Info: Changing directory to /home/ec2-user/.julia/packages/Xtensor/keFSH/deps/../builds/xtl
ERROR: LoadError: failed process: Process(`git clone -b 0.6.5 --single-branch https://github.com/QuantStack/xtl /home/ec2-user/.julia/packages/Xtensor/keFSH/deps/xtl`, ProcessExited(128)) [128]

Stacktrace:
 [1] pipeline_error at ./process.jl:813 [inlined]
 [2] #run#536(::Bool, ::typeof(run), ::Cmd) at ./process.jl:728
 [3] run(::Cmd) at ./process.jl:726
 [4] run(::BinDeps.SynchronousStepCollection) at /home/ec2-user/.julia/packages/BinDeps/ZEval/src/BinDeps.jl:521 (repeats 3 times)
 [5] satisfy!(::BinDeps.LibraryDependency, ::Array{DataType,1}) at /home/ec2-user/.julia/packages/BinDeps/ZEval/src/dependencies.jl:944
 [6] satisfy!(::BinDeps.LibraryDependency) at /home/ec2-user/.julia/packages/BinDeps/ZEval/src/dependencies.jl:922
 [7] top-level scope at /home/ec2-user/.julia/packages/BinDeps/ZEval/src/dependencies.jl:977
 [8] include at ./boot.jl:328 [inlined]
 [9] include_relative(::Module, ::String) at ./loading.jl:1094
 [10] include(::Module, ::String) at ./Base.jl:31
 [11] include(::String) at ./client.jl:431
 [12] top-level scope at none:5
in expression starting at /home/ec2-user/.julia/packages/Xtensor/keFSH/deps/build.jl:112
Building xtl
Building xtensor
Building xtensor-julia
Building xtensor-julia-examples
