ERROR: LoadError: failed process: Process(setenv(`/home/ec2-user/.julia/conda/3/bin/conda search libnetcdf --json`,["PYTHONIOENCODING=UTF-8", "PATH=/usr/local/bin:/usr/bin:/usr/local/sbin:/usr/sbin:/home/ec2-user/.local/bin:/home/ec2-user/bin", "PWD=/home/ec2-user/.julia", "STY=9504.pts-0.ip-172-31-21-171", "HISTSIZE=1000", "LESSOPEN=||/usr/bin/lesspipe.sh %s", "SHELL=/bin/bash", "SSH_CONNECTION=66.67.97.212 64161 172.31.21.171 22", "CONDARC=/home/ec2-user/.julia/conda/3/condarc-julia.yml", "HISTCONTROL=ignoredups"  …  "_=/usr/local/bin/julia", "JULIA_LOAD_PATH=@:/tmp/jl_2obFB0", "USER=ec2-user", "SSH_TTY=/dev/pts/0", "TERM=screen", "HOME=/home/ec2-user", "LS_COLORS=rs=0:di=01;34:ln=01;36:mh=00:pi=40;33:so=01;35:do=01;35:bd=40;33;01:cd=40;33;01:or=40;31;01:mi=01;05;37;41:su=37;41:sg=30;43:ca=30;41:tw=30;42:ow=34;42:st=37;44:ex=01;32:*.tar=01;31:*.tgz=01;31:*.arc=01;31:*.arj=01;31:*.taz=01;31:*.lha=01;31:*.lz4=01;31:*.lzh=01;31:*.lzma=01;31:*.tlz=01;31:*.txz=01;31:*.tzo=01;31:*.t7z=01;31:*.zip=01;31:*.z=01;31:*.Z=01;31:*.dz=01;31:*.gz=01;31:*.lrz=01;31:*.lz=01;31:*.lzo=01;31:*.xz=01;31:*.bz2=01;31:*.bz=01;31:*.tbz=01;31:*.tbz2=01;31:*.tz=01;31:*.deb=01;31:*.rpm=01;31:*.jar=01;31:*.war=01;31:*.ear=01;31:*.sar=01;31:*.rar=01;31:*.alz=01;31:*.ace=01;31:*.zoo=01;31:*.cpio=01;31:*.7z=01;31:*.rz=01;31:*.cab=01;31:*.jpg=01;35:*.jpeg=01;35:*.gif=01;35:*.bmp=01;35:*.pbm=01;35:*.pgm=01;35:*.ppm=01;35:*.tga=01;35:*.xbm=01;35:*.xpm=01;35:*.tif=01;35:*.tiff=01;35:*.png=01;35:*.svg=01;35:*.svgz=01;35:*.mng=01;35:*.pcx=01;35:*.mov=01;35:*.mpg=01;35:*.mpeg=01;35:*.m2v=01;35:*.mkv=01;35:*.webm=01;35:*.ogm=01;35:*.mp4=01;35:*.m4v=01;35:*.mp4v=01;35:*.vob=01;35:*.qt=01;35:*.nuv=01;35:*.wmv=01;35:*.asf=01;35:*.rm=01;35:*.rmvb=01;35:*.flc=01;35:*.avi=01;35:*.fli=01;35:*.flv=01;35:*.gl=01;35:*.dl=01;35:*.xcf=01;35:*.xwd=01;35:*.yuv=01;35:*.cgm=01;35:*.emf=01;35:*.axv=01;35:*.anx=01;35:*.ogv=01;35:*.ogx=01;35:*.aac=01;36:*.au=01;36:*.flac=01;36:*.mid=01;36:*.midi=01;36:*.mka=01;36:*.mp3=01;36:*.mpc=01;36:*.ogg=01;36:*.ra=01;36:*.wav=01;36:*.axa=01;36:*.oga=01;36:*.spx=01;36:*.xspf=01;36:", "HOSTNAME=ip-172-31-21-171.ec2.internal", "OPENBLAS_MAIN_FREE=1", "TERMCAP=SC|screen|VT 100/ANSI X3.64 virtual terminal:\\\n\t:DO=\\E[%dB:LE=\\E[%dD:RI=\\E[%dC:UP=\\E[%dA:bs:bt=\\E[Z:\\\n\t:cd=\\E[J:ce=\\E[K:cl=\\E[H\\E[J:cm=\\E[%i%d;%dH:ct=\\E[3g:\\\n\t:do=^J:nd=\\E[C:pt:rc=\\E8:rs=\\Ec:sc=\\E7:st=\\EH:up=\\EM:\\\n\t:le=^H:bl=^G:cr=^M:it#8:ho=\\E[H:nw=\\EE:ta=^I:is=\\E)0:\\\n\t:li#24:co#80:am:xn:xv:LP:sr=\\EM:al=\\E[L:AL=\\E[%dL:\\\n\t:cs=\\E[%i%d;%dr:dl=\\E[M:DL=\\E[%dM:dc=\\E[P:DC=\\E[%dP:\\\n\t:im=\\E[4h:ei=\\E[4l:mi:IC=\\E[%d@:ks=\\E[?1h\\E=:\\\n\t:ke=\\E[?1l\\E>:vi=\\E[?25l:ve=\\E[34h\\E[?25h:vs=\\E[34l:\\\n\t:ti=\\E[?1049h:te=\\E[?1049l:us=\\E[4m:ue=\\E[24m:so=\\E[3m:\\\n\t:se=\\E[23m:mb=\\E[5m:md=\\E[1m:mh=\\E[2m:mr=\\E[7m:\\\n\t:me=\\E[m:ms:\\\n\t:Co#8:pa#64:AF=\\E[3%dm:AB=\\E[4%dm:op=\\E[39;49m:AX:\\\n\t:vb=\\Eg:G0:as=\\E(0:ae=\\E(B:\\\n\t:ac=\\140\\140aaffggjjkkllmmnnooppqqrrssttuuvvwwxxyyzz{{||}}~~..--++,,hhII00:\\\n\t:po=\\E[5i:pf=\\E[4i:Km=\\E[M:k0=\\E[10~:k1=\\EOP:k2=\\EOQ:\\\n\t:k3=\\EOR:k4=\\EOS:k5=\\E[15~:k6=\\E[17~:k7=\\E[18~:\\\n\t:k8=\\E[19~:k9=\\E[20~:k;=\\E[21~:F1=\\E[23~:F2=\\E[24~:\\\n\t:F3=\\E[1;2P:F4=\\E[1;2Q:F5=\\E[1;2R:F6=\\E[1;2S:\\\n\t:F7=\\E[15;2~:F8=\\E[17;2~:F9=\\E[18;2~:FA=\\E[19;2~:kb=\x7f:\\\n\t:K2=\\EOE:kB=\\E[Z:kF=\\E[1;2B:kR=\\E[1;2A:*4=\\E[3;2~:\\\n\t:*7=\\E[1;2F:#2=\\E[1;2H:#3=\\E[2;2~:#4=\\E[1;2D:%c=\\E[6;2~:\\\n\t:%e=\\E[5;2~:%i=\\E[1;2C:kh=\\E[1~:@1=\\E[1~:kH=\\E[4~:\\\n\t:@7=\\E[4~:kN=\\E[6~:kP=\\E[5~:kI=\\E[2~:kD=\\E[3~:ku=\\EOA:\\\n\t:kd=\\EOB:kr=\\EOC:kl=\\EOD:km:"]), ProcessSignaled(9)) [0]

Stacktrace:
 [1] pipeline_error at ./process.jl:813 [inlined]
 [2] read(::Cmd) at ./process.jl:700
 [3] read(::Cmd, ::Type{String}) at ./process.jl:709
 [4] parseconda(::Cmd, ::Symbol) at /home/ec2-user/.julia/packages/Conda/kLXeC/src/Conda.jl:120
 [5] search(::String, ::Symbol) at /home/ec2-user/.julia/packages/Conda/kLXeC/src/Conda.jl:257
 [6] exists(::String, ::Symbol) at /home/ec2-user/.julia/packages/Conda/kLXeC/src/Conda.jl:281
 [7] package_available at /home/ec2-user/.julia/packages/CondaBinDeps/gR9KR/src/bindeps_conda.jl:19 [inlined]
 [8] can_provide(::CondaBinDeps.EnvManager{Symbol("/home/ec2-user/.julia/conda/3")}, ::Dict{Symbol,Any}, ::BinDeps.LibraryDependency) at /home/ec2-user/.julia/packages/BinDeps/ZEval/src/dependencies.jl:792
 [9] #_find_library#42(::Type, ::typeof(BinDeps._find_library), ::BinDeps.LibraryDependency) at /home/ec2-user/.julia/packages/BinDeps/ZEval/src/dependencies.jl:649
 [10] _find_library at /home/ec2-user/.julia/packages/BinDeps/ZEval/src/dependencies.jl:643 [inlined]
 [11] satisfy!(::BinDeps.LibraryDependency, ::Array{DataType,1}) at /home/ec2-user/.julia/packages/BinDeps/ZEval/src/dependencies.jl:922 (repeats 2 times)
 [12] top-level scope at /home/ec2-user/.julia/packages/BinDeps/ZEval/src/dependencies.jl:977
 [13] include at ./boot.jl:328 [inlined]
 [14] include_relative(::Module, ::String) at ./loading.jl:1094
 [15] include(::Module, ::String) at ./Base.jl:31
 [16] include(::String) at ./client.jl:431
 [17] top-level scope at none:5
in expression starting at /home/ec2-user/.julia/packages/NCDatasets/P5zq1/deps/build.jl:39
