Loaded plugins: extras_suggestions, langpacks, priorities, update-motd
Resolving Dependencies
--> Running transaction check
---> Package SDL2.x86_64 0:2.0.9-3.amzn2.0.2 will be installed
--> Finished Dependency Resolution

Dependencies Resolved

================================================================================
 Package      Arch           Version                   Repository          Size
================================================================================
Installing:
 SDL2         x86_64         2.0.9-3.amzn2.0.2         amzn2-core         436 k

Transaction Summary
================================================================================
Install  1 Package

Total download size: 436 k
Installed size: 1.2 M
Is this ok [y/d/N]: Exiting on user command
Your transaction was saved, rerun it with:
 yum load-transaction /tmp/yum_save_tx.2019-09-03.13-57.Z7JefX.yumtx
ERROR: LoadError: failed process: Process(`sudo yum install SDL2`, ProcessExited(1)) [1]

Stacktrace:
 [1] pipeline_error at ./process.jl:813 [inlined]
 [2] #run#536(::Bool, ::typeof(run), ::Cmd) at ./process.jl:728
 [3] run(::Cmd) at ./process.jl:726
 [4] run(::BinDeps.SynchronousStepCollection) at /home/ec2-user/.julia/packages/BinDeps/ZEval/src/BinDeps.jl:521
 [5] satisfy!(::BinDeps.LibraryDependency, ::Array{DataType,1}) at /home/ec2-user/.julia/packages/BinDeps/ZEval/src/dependencies.jl:944
 [6] satisfy!(::BinDeps.LibraryDependency) at /home/ec2-user/.julia/packages/BinDeps/ZEval/src/dependencies.jl:922
 [7] top-level scope at /home/ec2-user/.julia/packages/BinDeps/ZEval/src/dependencies.jl:977
 [8] top-level scope at /home/ec2-user/.julia/packages/SimpleDirectMediaLayer/6OvWI/deps/build.jl:61
 [9] include at ./boot.jl:328 [inlined]
 [10] include_relative(::Module, ::String) at ./loading.jl:1094
 [11] include(::Module, ::String) at ./Base.jl:31
 [12] include(::String) at ./client.jl:431
 [13] top-level scope at none:5
in expression starting at /home/ec2-user/.julia/packages/SimpleDirectMediaLayer/6OvWI/deps/build.jl:31
Installing dependency SDL2 via `sudo yum install SDL2`:
