`/bin/bash -c 'cd $WORKSPACE/srcdir
cd pcre2-10.31
./configure --prefix=$prefix --host=$target --enable-jit --enable-pcre2-16 --enable-pcre2-32
make
make install
'`
checking for a BSD-compatible install... /usr/bin/install -c
checking whether build environment is sane... yes
checking for x86_64-linux-gnu-strip... /opt/x86_64-linux-gnu/bin/x86_64-linux-gnu-strip
checking for a thread-safe mkdir -p... ./install-sh -c -d
checking for gawk... gawk
checking whether make sets $(MAKE)... yes
checking whether make supports nested variables... yes
checking whether make supports nested variables... (cached) yes
checking for x86_64-linux-gnu-gcc... /opt/x86_64-linux-gnu/bin/x86_64-linux-gnu-gcc
checking whether the C compiler works... yes
checking for C compiler default output file name... a.out
checking for suffix of executables... 
checking whether we are cross compiling... no
checking for suffix of object files... o
checking whether we are using the GNU C compiler... yes
checking whether /opt/x86_64-linux-gnu/bin/x86_64-linux-gnu-gcc accepts -g... yes
checking for /opt/x86_64-linux-gnu/bin/x86_64-linux-gnu-gcc option to accept ISO C89... none needed
checking whether /opt/x86_64-linux-gnu/bin/x86_64-linux-gnu-gcc understands -c and -o together... yes
checking for style of include used by make... GNU
checking dependency style of /opt/x86_64-linux-gnu/bin/x86_64-linux-gnu-gcc... gcc3
checking how to run the C preprocessor... /opt/x86_64-linux-gnu/bin/x86_64-linux-gnu-gcc -E
checking for grep that handles long lines and -e... /bin/grep
checking for egrep... /bin/grep -E
checking for ANSI C header files... yes
checking for sys/types.h... yes
checking for sys/stat.h... yes
checking for stdlib.h... yes
checking for string.h... yes
checking for memory.h... yes
checking for strings.h... yes
checking for inttypes.h... yes
checking for stdint.h... yes
checking for unistd.h... yes
checking minix/config.h usability... no
checking minix/config.h presence... no
checking for minix/config.h... no
checking whether it is safe to define __EXTENSIONS__... yes
checking for x86_64-linux-gnu-ar... /opt/x86_64-linux-gnu/bin/x86_64-linux-gnu-ar
checking the archiver (/opt/x86_64-linux-gnu/bin/x86_64-linux-gnu-ar) interface... ar
checking for int64_t... yes
checking build system type... x86_64-pc-linux-gnu
checking host system type... x86_64-pc-linux-gnu
checking how to print strings... printf
checking for a sed that does not truncate output... /bin/sed
checking for fgrep... /bin/grep -F
checking for ld used by /opt/x86_64-linux-gnu/bin/x86_64-linux-gnu-gcc... /opt/x86_64-linux-gnu/bin/x86_64-linux-gnu-ld
checking if the linker (/opt/x86_64-linux-gnu/bin/x86_64-linux-gnu-ld) is GNU ld... yes
checking for BSD- or MS-compatible name lister (nm)... /opt/x86_64-linux-gnu/bin/x86_64-linux-gnu-nm
checking the name lister (/opt/x86_64-linux-gnu/bin/x86_64-linux-gnu-nm) interface... BSD nm
checking whether ln -s works... yes
checking the maximum length of command line arguments... 98304
checking how to convert x86_64-pc-linux-gnu file names to x86_64-pc-linux-gnu format... func_convert_file_noop
checking how to convert x86_64-pc-linux-gnu file names to toolchain format... func_convert_file_noop
checking for /opt/x86_64-linux-gnu/bin/x86_64-linux-gnu-ld option to reload object files... -r
checking for x86_64-linux-gnu-objdump... objdump
checking how to recognize dependent libraries... pass_all
checking for x86_64-linux-gnu-dlltool... dlltool
checking how to associate runtime and link libraries... printf %s\n
checking for x86_64-linux-gnu-ar... (cached) /opt/x86_64-linux-gnu/bin/x86_64-linux-gnu-ar
checking for archiver @FILE support... @
checking for x86_64-linux-gnu-strip... (cached) /opt/x86_64-linux-gnu/bin/x86_64-linux-gnu-strip
checking for x86_64-linux-gnu-ranlib... /opt/x86_64-linux-gnu/bin/x86_64-linux-gnu-ranlib
checking command to parse /opt/x86_64-linux-gnu/bin/x86_64-linux-gnu-nm output from /opt/x86_64-linux-gnu/bin/x86_64-linux-gnu-gcc object... ok
checking for sysroot... no
checking for a working dd... /bin/dd
checking how to truncate binary pipes... /bin/dd bs=4096 count=1
checking for x86_64-linux-gnu-mt... no
checking for mt... no
checking if : is a manifest tool... no
checking for dlfcn.h... yes
checking for objdir... .libs
checking if /opt/x86_64-linux-gnu/bin/x86_64-linux-gnu-gcc supports -fno-rtti -fno-exceptions... no
checking for /opt/x86_64-linux-gnu/bin/x86_64-linux-gnu-gcc option to produce PIC... -fPIC -DPIC
checking if /opt/x86_64-linux-gnu/bin/x86_64-linux-gnu-gcc PIC flag -fPIC -DPIC works... yes
checking if /opt/x86_64-linux-gnu/bin/x86_64-linux-gnu-gcc static flag -static works... yes
checking if /opt/x86_64-linux-gnu/bin/x86_64-linux-gnu-gcc supports -c -o file.o... yes
checking if /opt/x86_64-linux-gnu/bin/x86_64-linux-gnu-gcc supports -c -o file.o... (cached) yes
checking whether the /opt/x86_64-linux-gnu/bin/x86_64-linux-gnu-gcc linker (/opt/x86_64-linux-gnu/bin/x86_64-linux-gnu-ld -m elf_x86_64) supports shared libraries... yes
checking whether -lc should be explicitly linked in... no
checking dynamic linker characteristics... GNU/Linux ld.so
checking how to hardcode library paths into programs... immediate
checking whether stripping libraries is possible... yes
checking if libtool supports shared libraries... yes
checking whether to build shared libraries... yes
checking whether to build static libraries... yes
checking whether ln -s works... yes
checking whether the -Werror option is usable... yes
checking for simple visibility declarations... yes
checking for ANSI C header files... (cached) yes
checking limits.h usability... yes
checking limits.h presence... yes
checking for limits.h... yes
checking for sys/types.h... (cached) yes
checking for sys/stat.h... (cached) yes
checking dirent.h usability... yes
checking dirent.h presence... yes
checking for dirent.h... yes
checking windows.h usability... no
checking windows.h presence... no
checking for windows.h... no
checking sys/wait.h usability... yes
checking sys/wait.h presence... yes
checking for sys/wait.h... yes
checking for an ANSI C-conforming const... yes
checking for size_t... yes
checking for bcopy... yes
checking for memmove... yes
checking for strerror... yes
checking for mkostemp... yes
checking for secure_getenv... no
checking zlib.h usability... no
checking zlib.h presence... no
checking for zlib.h... no
checking for gzopen in -lz... no
checking bzlib.h usability... no
checking bzlib.h presence... no
checking for bzlib.h... no
checking for libbz2... no
checking for the pthreads library -lpthreads... no
checking whether pthreads work without any flags... no
checking whether pthreads work with -Kthread... no
checking whether pthreads work with -kthread... no
checking for the pthreads library -llthread... no
checking whether pthreads work with -pthread... yes
checking for joinable pthread attribute... PTHREAD_CREATE_JOINABLE
checking if more special flags are required for pthreads... no
checking for PTHREAD_PRIO_INHERIT... yes
checking that generated files are newer than configure... done
configure: creating ./config.status
config.status: creating Makefile
config.status: creating libpcre2-8.pc
config.status: creating libpcre2-16.pc
config.status: creating libpcre2-32.pc
config.status: creating libpcre2-posix.pc
config.status: creating pcre2-config
config.status: creating src/pcre2.h
config.status: creating src/config.h
config.status: executing depfiles commands
config.status: executing libtool commands
config.status: executing script-chmod commands
config.status: executing delete-old-chartables commands

pcre2-10.31 configuration summary:

    Install prefix ..................... : /workspace/destdir
    C preprocessor ..................... : /opt/x86_64-linux-gnu/bin/x86_64-linux-gnu-gcc -E
    C compiler ......................... : /opt/x86_64-linux-gnu/bin/x86_64-linux-gnu-gcc
    Linker ............................. : /opt/x86_64-linux-gnu/bin/x86_64-linux-gnu-ld -m elf_x86_64
    C preprocessor flags ............... : 
    C compiler flags ................... : -pthread -O2 -fvisibility=hidden
    Linker flags ....................... : 
    Extra libraries .................... :  

    Build 8-bit pcre2 library .......... : yes
    Build 16-bit pcre2 library ......... : yes
    Build 32-bit pcre2 library ......... : yes
    Include debugging code ............. : no
    Enable JIT compiling support ....... : yes
    Use SELinux allocator in JIT ....... : no
    Enable Unicode support ............. : yes
    Newline char/sequence .............. : lf
    \R matches only ANYCRLF ............ : no
    \C is disabled ..................... : no
    EBCDIC coding ...................... : no
    EBCDIC code for NL ................. : n/a
    Rebuild char tables ................ : no
    Internal link size ................. : 2
    Nested parentheses limit ........... : 250
    Heap limit ......................... : 20000000 kilobytes
    Match limit ........................ : 10000000
    Match depth limit .................. : MATCH_LIMIT
    Build shared libs .................. : yes
    Build static libs .................. : yes
    Use JIT in pcre2grep ............... : yes
    Enable callouts in pcre2grep ....... : yes
    Initial buffer size for pcre2grep .. : 20480
    Maximum buffer size for pcre2grep .. : 1048576
    Link pcre2grep with libz ........... : no
    Link pcre2grep with libbz2 ......... : no
    Link pcre2test with libedit ........ : no
    Link pcre2test with libreadline .... : no
    Valgrind support ................... : no
    Code coverage ...................... : no
    Fuzzer support ..................... : no

rm -f src/pcre2_chartables.c
ln -s /workspace/srcdir/pcre2-10.31/src/pcre2_chartables.c.dist /workspace/srcdir/pcre2-10.31/src/pcre2_chartables.c
make  all-am
make[1]: Entering directory '/workspace/srcdir/pcre2-10.31'
  CC       src/libpcre2_8_la-pcre2_auto_possess.lo
  CC       src/libpcre2_8_la-pcre2_compile.lo
  CC       src/libpcre2_8_la-pcre2_config.lo
  CC       src/libpcre2_8_la-pcre2_context.lo
  CC       src/libpcre2_8_la-pcre2_convert.lo
  CC       src/libpcre2_8_la-pcre2_dfa_match.lo
  CC       src/libpcre2_8_la-pcre2_error.lo
  CC       src/libpcre2_8_la-pcre2_extuni.lo
  CC       src/libpcre2_8_la-pcre2_find_bracket.lo
  CC       src/libpcre2_8_la-pcre2_jit_compile.lo
  CC       src/libpcre2_8_la-pcre2_maketables.lo
  CC       src/libpcre2_8_la-pcre2_match.lo
  CC       src/libpcre2_8_la-pcre2_match_data.lo
  CC       src/libpcre2_8_la-pcre2_newline.lo
  CC       src/libpcre2_8_la-pcre2_ord2utf.lo
  CC       src/libpcre2_8_la-pcre2_pattern_info.lo
  CC       src/libpcre2_8_la-pcre2_serialize.lo
  CC       src/libpcre2_8_la-pcre2_string_utils.lo
  CC       src/libpcre2_8_la-pcre2_study.lo
  CC       src/libpcre2_8_la-pcre2_substitute.lo
  CC       src/libpcre2_8_la-pcre2_substring.lo
  CC       src/libpcre2_8_la-pcre2_tables.lo
  CC       src/libpcre2_8_la-pcre2_ucd.lo
  CC       src/libpcre2_8_la-pcre2_valid_utf.lo
  CC       src/libpcre2_8_la-pcre2_xclass.lo
  CC       src/libpcre2_8_la-pcre2_chartables.lo
  CCLD     libpcre2-8.la
  CC       src/libpcre2_16_la-pcre2_auto_possess.lo
  CC       src/libpcre2_16_la-pcre2_compile.lo
  CC       src/libpcre2_16_la-pcre2_config.lo
  CC       src/libpcre2_16_la-pcre2_context.lo
  CC       src/libpcre2_16_la-pcre2_convert.lo
  CC       src/libpcre2_16_la-pcre2_dfa_match.lo
  CC       src/libpcre2_16_la-pcre2_error.lo
  CC       src/libpcre2_16_la-pcre2_extuni.lo
  CC       src/libpcre2_16_la-pcre2_find_bracket.lo
  CC       src/libpcre2_16_la-pcre2_jit_compile.lo
  CC       src/libpcre2_16_la-pcre2_maketables.lo
  CC       src/libpcre2_16_la-pcre2_match.lo
  CC       src/libpcre2_16_la-pcre2_match_data.lo
  CC       src/libpcre2_16_la-pcre2_newline.lo
  CC       src/libpcre2_16_la-pcre2_ord2utf.lo
  CC       src/libpcre2_16_la-pcre2_pattern_info.lo
  CC       src/libpcre2_16_la-pcre2_serialize.lo
  CC       src/libpcre2_16_la-pcre2_string_utils.lo
  CC       src/libpcre2_16_la-pcre2_study.lo
  CC       src/libpcre2_16_la-pcre2_substitute.lo
  CC       src/libpcre2_16_la-pcre2_substring.lo
  CC       src/libpcre2_16_la-pcre2_tables.lo
  CC       src/libpcre2_16_la-pcre2_ucd.lo
  CC       src/libpcre2_16_la-pcre2_valid_utf.lo
  CC       src/libpcre2_16_la-pcre2_xclass.lo
  CC       src/libpcre2_16_la-pcre2_chartables.lo
  CCLD     libpcre2-16.la
  CC       src/libpcre2_32_la-pcre2_auto_possess.lo
  CC       src/libpcre2_32_la-pcre2_compile.lo
  CC       src/libpcre2_32_la-pcre2_config.lo
  CC       src/libpcre2_32_la-pcre2_context.lo
  CC       src/libpcre2_32_la-pcre2_convert.lo
  CC       src/libpcre2_32_la-pcre2_dfa_match.lo
  CC       src/libpcre2_32_la-pcre2_error.lo
  CC       src/libpcre2_32_la-pcre2_extuni.lo
  CC       src/libpcre2_32_la-pcre2_find_bracket.lo
  CC       src/libpcre2_32_la-pcre2_jit_compile.lo
  CC       src/libpcre2_32_la-pcre2_maketables.lo
  CC       src/libpcre2_32_la-pcre2_match.lo
  CC       src/libpcre2_32_la-pcre2_match_data.lo
  CC       src/libpcre2_32_la-pcre2_newline.lo
  CC       src/libpcre2_32_la-pcre2_ord2utf.lo
  CC       src/libpcre2_32_la-pcre2_pattern_info.lo
  CC       src/libpcre2_32_la-pcre2_serialize.lo
  CC       src/libpcre2_32_la-pcre2_string_utils.lo
  CC       src/libpcre2_32_la-pcre2_study.lo
  CC       src/libpcre2_32_la-pcre2_substitute.lo
  CC       src/libpcre2_32_la-pcre2_substring.lo
  CC       src/libpcre2_32_la-pcre2_tables.lo
  CC       src/libpcre2_32_la-pcre2_ucd.lo
  CC       src/libpcre2_32_la-pcre2_valid_utf.lo
  CC       src/libpcre2_32_la-pcre2_xclass.lo
  CC       src/libpcre2_32_la-pcre2_chartables.lo
  CCLD     libpcre2-32.la
  CC       src/libpcre2_posix_la-pcre2posix.lo
  CCLD     libpcre2-posix.la
  CC       src/pcre2grep-pcre2grep.o
  CCLD     pcre2grep
  CC       src/pcre2test-pcre2test.o
  CCLD     pcre2test
  CC       src/pcre2_jit_test-pcre2_jit_test.o
  CCLD     pcre2_jit_test
make[1]: Leaving directory '/workspace/srcdir/pcre2-10.31'
make  install-am
make[1]: Entering directory '/workspace/srcdir/pcre2-10.31'
make[2]: Entering directory '/workspace/srcdir/pcre2-10.31'
 ./install-sh -c -d '/workspace/destdir/lib'
 /bin/bash ./libtool   --mode=install /usr/bin/install -c   libpcre2-8.la libpcre2-16.la libpcre2-32.la libpcre2-posix.la '/workspace/destdir/lib'
libtool: install: /usr/bin/install -c .libs/libpcre2-8.so.0.7.0 /workspace/destdir/lib/libpcre2-8.so.0.7.0
libtool: install: (cd /workspace/destdir/lib && { ln -s -f libpcre2-8.so.0.7.0 libpcre2-8.so.0 || { rm -f libpcre2-8.so.0 && ln -s libpcre2-8.so.0.7.0 libpcre2-8.so.0; }; })
libtool: install: (cd /workspace/destdir/lib && { ln -s -f libpcre2-8.so.0.7.0 libpcre2-8.so || { rm -f libpcre2-8.so && ln -s libpcre2-8.so.0.7.0 libpcre2-8.so; }; })
libtool: install: /usr/bin/install -c .libs/libpcre2-8.lai /workspace/destdir/lib/libpcre2-8.la
libtool: install: /usr/bin/install -c .libs/libpcre2-16.so.0.7.0 /workspace/destdir/lib/libpcre2-16.so.0.7.0
libtool: install: (cd /workspace/destdir/lib && { ln -s -f libpcre2-16.so.0.7.0 libpcre2-16.so.0 || { rm -f libpcre2-16.so.0 && ln -s libpcre2-16.so.0.7.0 libpcre2-16.so.0; }; })
libtool: install: (cd /workspace/destdir/lib && { ln -s -f libpcre2-16.so.0.7.0 libpcre2-16.so || { rm -f libpcre2-16.so && ln -s libpcre2-16.so.0.7.0 libpcre2-16.so; }; })
libtool: install: /usr/bin/install -c .libs/libpcre2-16.lai /workspace/destdir/lib/libpcre2-16.la
libtool: install: /usr/bin/install -c .libs/libpcre2-32.so.0.7.0 /workspace/destdir/lib/libpcre2-32.so.0.7.0
libtool: install: (cd /workspace/destdir/lib && { ln -s -f libpcre2-32.so.0.7.0 libpcre2-32.so.0 || { rm -f libpcre2-32.so.0 && ln -s libpcre2-32.so.0.7.0 libpcre2-32.so.0; }; })
libtool: install: (cd /workspace/destdir/lib && { ln -s -f libpcre2-32.so.0.7.0 libpcre2-32.so || { rm -f libpcre2-32.so && ln -s libpcre2-32.so.0.7.0 libpcre2-32.so; }; })
libtool: install: /usr/bin/install -c .libs/libpcre2-32.lai /workspace/destdir/lib/libpcre2-32.la
libtool: warning: relinking 'libpcre2-posix.la'
libtool: install: (cd /workspace/srcdir/pcre2-10.31; /bin/bash "/workspace/srcdir/pcre2-10.31/libtool"  --silent --tag CC --mode=relink /opt/x86_64-linux-gnu/bin/x86_64-linux-gnu-gcc -DPCRE2_CODE_UNIT_WIDTH=8 -fvisibility=hidden -pthread -O2 -version-info 2:0:0 -o libpcre2-posix.la -rpath /workspace/destdir/lib src/libpcre2_posix_la-pcre2posix.lo libpcre2-8.la )
libtool: install: /usr/bin/install -c .libs/libpcre2-posix.so.2.0.0T /workspace/destdir/lib/libpcre2-posix.so.2.0.0
libtool: install: (cd /workspace/destdir/lib && { ln -s -f libpcre2-posix.so.2.0.0 libpcre2-posix.so.2 || { rm -f libpcre2-posix.so.2 && ln -s libpcre2-posix.so.2.0.0 libpcre2-posix.so.2; }; })
libtool: install: (cd /workspace/destdir/lib && { ln -s -f libpcre2-posix.so.2.0.0 libpcre2-posix.so || { rm -f libpcre2-posix.so && ln -s libpcre2-posix.so.2.0.0 libpcre2-posix.so; }; })
libtool: install: /usr/bin/install -c .libs/libpcre2-posix.lai /workspace/destdir/lib/libpcre2-posix.la
libtool: install: /usr/bin/install -c .libs/libpcre2-8.a /workspace/destdir/lib/libpcre2-8.a
libtool: install: chmod 644 /workspace/destdir/lib/libpcre2-8.a
libtool: install: /opt/x86_64-linux-gnu/bin/x86_64-linux-gnu-ranlib /workspace/destdir/lib/libpcre2-8.a
libtool: install: /usr/bin/install -c .libs/libpcre2-16.a /workspace/destdir/lib/libpcre2-16.a
libtool: install: chmod 644 /workspace/destdir/lib/libpcre2-16.a
libtool: install: /opt/x86_64-linux-gnu/bin/x86_64-linux-gnu-ranlib /workspace/destdir/lib/libpcre2-16.a
libtool: install: /usr/bin/install -c .libs/libpcre2-32.a /workspace/destdir/lib/libpcre2-32.a
libtool: install: chmod 644 /workspace/destdir/lib/libpcre2-32.a
libtool: install: /opt/x86_64-linux-gnu/bin/x86_64-linux-gnu-ranlib /workspace/destdir/lib/libpcre2-32.a
libtool: install: /usr/bin/install -c .libs/libpcre2-posix.a /workspace/destdir/lib/libpcre2-posix.a
libtool: install: chmod 644 /workspace/destdir/lib/libpcre2-posix.a
libtool: install: /opt/x86_64-linux-gnu/bin/x86_64-linux-gnu-ranlib /workspace/destdir/lib/libpcre2-posix.a
libtool: finish: PATH="/opt/super_binutils/bin:/opt/x86_64-linux-gnu/bin:/usr/local/bin:/usr/local/sbin:/usr/bin:/usr/sbin:/bin:/sbin:/sbin" ldconfig -n /workspace/destdir/lib
----------------------------------------------------------------------
Libraries have been installed in:
   /workspace/destdir/lib

If you ever happen to want to link against installed libraries
in a given directory, LIBDIR, you must either use libtool, and
specify the full pathname of the library, or use the '-LLIBDIR'
flag during linking and do at least one of the following:
   - add LIBDIR to the 'LD_LIBRARY_PATH' environment variable
     during execution
   - add LIBDIR to the 'LD_RUN_PATH' environment variable
     during linking
   - use the '-Wl,-rpath -Wl,LIBDIR' linker flag

See any operating system documentation about shared libraries for
more information, such as the ld(1) and ld.so(8) manual pages.
----------------------------------------------------------------------
 ./install-sh -c -d '/workspace/destdir/bin'
  /bin/bash ./libtool   --mode=install /usr/bin/install -c pcre2grep pcre2test '/workspace/destdir/bin'
libtool: install: /usr/bin/install -c .libs/pcre2grep /workspace/destdir/bin/pcre2grep
libtool: install: /usr/bin/install -c .libs/pcre2test /workspace/destdir/bin/pcre2test
 ./install-sh -c -d '/workspace/destdir/bin'
 /usr/bin/install -c pcre2-config '/workspace/destdir/bin'
 ./install-sh -c -d '/workspace/destdir/share/doc/pcre2'
 /usr/bin/install -c -m 644 AUTHORS COPYING ChangeLog LICENCE NEWS README doc/pcre2.txt doc/pcre2-config.txt doc/pcre2grep.txt doc/pcre2test.txt '/workspace/destdir/share/doc/pcre2'
 ./install-sh -c -d '/workspace/destdir/share/doc/pcre2/html'
 /usr/bin/install -c -m 644 doc/html/NON-AUTOTOOLS-BUILD.txt doc/html/README.txt doc/html/index.html doc/html/pcre2-config.html doc/html/pcre2.html doc/html/pcre2_callout_enumerate.html doc/html/pcre2_code_copy.html doc/html/pcre2_code_copy_with_tables.html doc/html/pcre2_code_free.html doc/html/pcre2_compile.html doc/html/pcre2_compile_context_copy.html doc/html/pcre2_compile_context_create.html doc/html/pcre2_compile_context_free.html doc/html/pcre2_config.html doc/html/pcre2_convert_context_copy.html doc/html/pcre2_convert_context_create.html doc/html/pcre2_convert_context_free.html doc/html/pcre2_converted_pattern_free.html doc/html/pcre2_dfa_match.html doc/html/pcre2_general_context_copy.html doc/html/pcre2_general_context_create.html doc/html/pcre2_general_context_free.html doc/html/pcre2_get_error_message.html doc/html/pcre2_get_mark.html doc/html/pcre2_get_ovector_count.html doc/html/pcre2_get_ovector_pointer.html doc/html/pcre2_get_startchar.html doc/html/pcre2_jit_compile.html doc/html/pcre2_jit_free_unused_memory.html doc/html/pcre2_jit_match.html doc/html/pcre2_jit_stack_assign.html doc/html/pcre2_jit_stack_create.html doc/html/pcre2_jit_stack_free.html doc/html/pcre2_maketables.html doc/html/pcre2_match.html doc/html/pcre2_match_context_copy.html doc/html/pcre2_match_context_create.html doc/html/pcre2_match_context_free.html doc/html/pcre2_match_data_create.html doc/html/pcre2_match_data_create_from_pattern.html '/workspace/destdir/share/doc/pcre2/html'
 /usr/bin/install -c -m 644 doc/html/pcre2_match_data_free.html doc/html/pcre2_pattern_convert.html doc/html/pcre2_pattern_info.html doc/html/pcre2_serialize_decode.html doc/html/pcre2_serialize_encode.html doc/html/pcre2_serialize_free.html doc/html/pcre2_serialize_get_number_of_codes.html doc/html/pcre2_set_bsr.html doc/html/pcre2_set_callout.html doc/html/pcre2_set_character_tables.html doc/html/pcre2_set_compile_extra_options.html doc/html/pcre2_set_compile_recursion_guard.html doc/html/pcre2_set_depth_limit.html doc/html/pcre2_set_glob_escape.html doc/html/pcre2_set_glob_separator.html doc/html/pcre2_set_heap_limit.html doc/html/pcre2_set_match_limit.html doc/html/pcre2_set_max_pattern_length.html doc/html/pcre2_set_offset_limit.html doc/html/pcre2_set_newline.html doc/html/pcre2_set_parens_nest_limit.html doc/html/pcre2_set_recursion_limit.html doc/html/pcre2_set_recursion_memory_management.html doc/html/pcre2_substitute.html doc/html/pcre2_substring_copy_byname.html doc/html/pcre2_substring_copy_bynumber.html doc/html/pcre2_substring_free.html doc/html/pcre2_substring_get_byname.html doc/html/pcre2_substring_get_bynumber.html doc/html/pcre2_substring_length_byname.html doc/html/pcre2_substring_length_bynumber.html doc/html/pcre2_substring_list_free.html doc/html/pcre2_substring_list_get.html doc/html/pcre2_substring_nametable_scan.html doc/html/pcre2_substring_number_from_name.html doc/html/pcre2api.html doc/html/pcre2build.html doc/html/pcre2callout.html doc/html/pcre2compat.html doc/html/pcre2convert.html '/workspace/destdir/share/doc/pcre2/html'
 /usr/bin/install -c -m 644 doc/html/pcre2demo.html doc/html/pcre2grep.html doc/html/pcre2jit.html doc/html/pcre2limits.html doc/html/pcre2matching.html doc/html/pcre2partial.html doc/html/pcre2pattern.html doc/html/pcre2perform.html doc/html/pcre2posix.html doc/html/pcre2sample.html doc/html/pcre2serialize.html doc/html/pcre2syntax.html doc/html/pcre2test.html doc/html/pcre2unicode.html '/workspace/destdir/share/doc/pcre2/html'
 ./install-sh -c -d '/workspace/destdir/include'
 /usr/bin/install -c -m 644 src/pcre2posix.h '/workspace/destdir/include'
 ./install-sh -c -d '/workspace/destdir/share/man/man1'
 /usr/bin/install -c -m 644 doc/pcre2-config.1 doc/pcre2grep.1 doc/pcre2test.1 '/workspace/destdir/share/man/man1'
 ./install-sh -c -d '/workspace/destdir/share/man/man3'
 /usr/bin/install -c -m 644 doc/pcre2.3 doc/pcre2_callout_enumerate.3 doc/pcre2_code_copy.3 doc/pcre2_code_copy_with_tables.3 doc/pcre2_code_free.3 doc/pcre2_compile.3 doc/pcre2_compile_context_copy.3 doc/pcre2_compile_context_create.3 doc/pcre2_compile_context_free.3 doc/pcre2_config.3 doc/pcre2_convert_context_copy.3 doc/pcre2_convert_context_create.3 doc/pcre2_convert_context_free.3 doc/pcre2_converted_pattern_free.3 doc/pcre2_dfa_match.3 doc/pcre2_general_context_copy.3 doc/pcre2_general_context_create.3 doc/pcre2_general_context_free.3 doc/pcre2_get_error_message.3 doc/pcre2_get_mark.3 doc/pcre2_get_ovector_count.3 doc/pcre2_get_ovector_pointer.3 doc/pcre2_get_startchar.3 doc/pcre2_jit_compile.3 doc/pcre2_jit_free_unused_memory.3 doc/pcre2_jit_match.3 doc/pcre2_jit_stack_assign.3 doc/pcre2_jit_stack_create.3 doc/pcre2_jit_stack_free.3 doc/pcre2_maketables.3 doc/pcre2_match.3 doc/pcre2_match_context_copy.3 doc/pcre2_match_context_create.3 doc/pcre2_match_context_free.3 doc/pcre2_match_data_create.3 doc/pcre2_match_data_create_from_pattern.3 doc/pcre2_match_data_free.3 doc/pcre2_pattern_convert.3 doc/pcre2_pattern_info.3 doc/pcre2_serialize_decode.3 '/workspace/destdir/share/man/man3'
 /usr/bin/install -c -m 644 doc/pcre2_serialize_encode.3 doc/pcre2_serialize_free.3 doc/pcre2_serialize_get_number_of_codes.3 doc/pcre2_set_bsr.3 doc/pcre2_set_callout.3 doc/pcre2_set_character_tables.3 doc/pcre2_set_compile_extra_options.3 doc/pcre2_set_compile_recursion_guard.3 doc/pcre2_set_depth_limit.3 doc/pcre2_set_glob_escape.3 doc/pcre2_set_glob_separator.3 doc/pcre2_set_heap_limit.3 doc/pcre2_set_match_limit.3 doc/pcre2_set_max_pattern_length.3 doc/pcre2_set_offset_limit.3 doc/pcre2_set_newline.3 doc/pcre2_set_parens_nest_limit.3 doc/pcre2_set_recursion_limit.3 doc/pcre2_set_recursion_memory_management.3 doc/pcre2_substitute.3 doc/pcre2_substring_copy_byname.3 doc/pcre2_substring_copy_bynumber.3 doc/pcre2_substring_free.3 doc/pcre2_substring_get_byname.3 doc/pcre2_substring_get_bynumber.3 doc/pcre2_substring_length_byname.3 doc/pcre2_substring_length_bynumber.3 doc/pcre2_substring_list_free.3 doc/pcre2_substring_list_get.3 doc/pcre2_substring_nametable_scan.3 doc/pcre2_substring_number_from_name.3 doc/pcre2api.3 doc/pcre2build.3 doc/pcre2callout.3 doc/pcre2compat.3 doc/pcre2convert.3 doc/pcre2demo.3 doc/pcre2jit.3 doc/pcre2limits.3 doc/pcre2matching.3 '/workspace/destdir/share/man/man3'
 /usr/bin/install -c -m 644 doc/pcre2partial.3 doc/pcre2pattern.3 doc/pcre2perform.3 doc/pcre2posix.3 doc/pcre2sample.3 doc/pcre2serialize.3 doc/pcre2syntax.3 doc/pcre2unicode.3 '/workspace/destdir/share/man/man3'
 ./install-sh -c -d '/workspace/destdir/include'
 /usr/bin/install -c -m 644 src/pcre2.h '/workspace/destdir/include'
 ./install-sh -c -d '/workspace/destdir/lib/pkgconfig'
 /usr/bin/install -c -m 644 libpcre2-8.pc libpcre2-posix.pc libpcre2-16.pc libpcre2-32.pc '/workspace/destdir/lib/pkgconfig'
make[2]: Leaving directory '/workspace/srcdir/pcre2-10.31'
make[1]: Leaving directory '/workspace/srcdir/pcre2-10.31'
