This file contains any messages produced by compilers while
running configure, to aid debugging if configure makes a mistake.

It was created by configure, which was
generated by GNU Autoconf 2.64.  Invocation command line was

  $ ./configure --silent CFLAGS=-fpic -w

## --------- ##
## Platform. ##
## --------- ##

hostname = ip-172-31-21-171.ec2.internal
uname -m = x86_64
uname -r = 4.14.138-114.102.amzn2.x86_64
uname -s = Linux
uname -v = #1 SMP Thu Aug 15 15:29:58 UTC 2019

/usr/bin/uname -p = x86_64
/bin/uname -X     = unknown

/bin/arch              = x86_64
/usr/bin/arch -k       = unknown
/usr/convex/getsysinfo = unknown
/usr/bin/hostinfo      = unknown
/bin/machine           = unknown
/usr/bin/oslevel       = unknown
/bin/universe          = unknown

PATH: /usr/local/bin
PATH: /usr/bin
PATH: /usr/local/sbin
PATH: /usr/sbin
PATH: /home/ec2-user/.local/bin
PATH: /home/ec2-user/bin


## ----------- ##
## Core tests. ##
## ----------- ##

configure:2383: checking for a BSD-compatible install
configure:2451: result: /usr/bin/install -c
configure:2462: checking whether build environment is sane
configure:2512: result: yes
configure:2653: checking for a thread-safe mkdir -p
configure:2692: result: /usr/bin/mkdir -p
configure:2705: checking for gawk
configure:2721: found /usr/bin/gawk
configure:2732: result: gawk
configure:2743: checking whether make sets $(MAKE)
configure:2765: result: yes
configure:2859: checking build system type
configure:2873: result: x86_64-unknown-linux-gnu
configure:2893: checking host system type
configure:2906: result: x86_64-unknown-linux-gnu
configure:2992: checking whether make sets $(MAKE)
configure:3014: result: yes
configure:3079: checking for gcc
configure:3095: found /usr/bin/gcc
configure:3106: result: gcc
configure:3137: checking for C compiler version
configure:3146: gcc --version >&5
gcc (GCC) 7.3.1 20180303 (Red Hat 7.3.1-5)
Copyright (C) 2017 Free Software Foundation, Inc.
This is free software; see the source for copying conditions.  There is NO
warranty; not even for MERCHANTABILITY or FITNESS FOR A PARTICULAR PURPOSE.

configure:3157: $? = 0
configure:3146: gcc -v >&5
Using built-in specs.
COLLECT_GCC=gcc
COLLECT_LTO_WRAPPER=/usr/libexec/gcc/x86_64-redhat-linux/7/lto-wrapper
Target: x86_64-redhat-linux
Configured with: ../configure --enable-bootstrap --enable-languages=c,c++,objc,obj-c++,fortran,ada,go,lto --prefix=/usr --mandir=/usr/share/man --infodir=/usr/share/info --with-bugurl=http://bugzilla.redhat.com/bugzilla --enable-shared --enable-threads=posix --enable-checking=release --enable-multilib --with-system-zlib --enable-__cxa_atexit --disable-libunwind-exceptions --enable-gnu-unique-object --enable-linker-build-id --with-gcc-major-version-only --with-linker-hash-style=gnu --enable-plugin --enable-initfini-array --with-isl --enable-libmpx --enable-libsanitizer --enable-gnu-indirect-function --enable-libcilkrts --enable-libatomic --enable-libquadmath --enable-libitm --with-tune=generic --with-arch_32=x86-64 --build=x86_64-redhat-linux
Thread model: posix
gcc version 7.3.1 20180303 (Red Hat 7.3.1-5) (GCC) 
configure:3157: $? = 0
configure:3146: gcc -V >&5
gcc: error: unrecognized command line option '-V'
gcc: fatal error: no input files
compilation terminated.
configure:3157: $? = 1
configure:3146: gcc -qversion >&5
gcc: error: unrecognized command line option '-qversion'; did you mean '--version'?
gcc: fatal error: no input files
compilation terminated.
configure:3157: $? = 1
configure:3179: checking for C compiler default output file name
configure:3201: gcc -fpic -w   conftest.c  >&5
configure:3205: $? = 0
configure:3242: result: a.out
configure:3258: checking whether the C compiler works
configure:3267: ./a.out
configure:3271: $? = 0
configure:3286: result: yes
configure:3293: checking whether we are cross compiling
configure:3295: result: no
configure:3298: checking for suffix of executables
configure:3305: gcc -o conftest -fpic -w   conftest.c  >&5
configure:3309: $? = 0
configure:3331: result: 
configure:3337: checking for suffix of object files
configure:3359: gcc -c -fpic -w  conftest.c >&5
configure:3363: $? = 0
configure:3384: result: o
configure:3388: checking whether we are using the GNU C compiler
configure:3407: gcc -c -fpic -w  conftest.c >&5
configure:3407: $? = 0
configure:3416: result: yes
configure:3425: checking whether gcc accepts -g
configure:3445: gcc -c -g  conftest.c >&5
configure:3445: $? = 0
configure:3486: result: yes
configure:3503: checking for gcc option to accept ISO C89
configure:3567: gcc  -c -fpic -w  conftest.c >&5
configure:3567: $? = 0
configure:3580: result: none needed
configure:3611: checking for style of include used by make
configure:3639: result: GNU
configure:3664: checking dependency style of gcc
configure:3774: result: gcc3
configure:3893: checking for ranlib
configure:3909: found /usr/bin/ranlib
configure:3920: result: ranlib
configure:3942: checking whether ln -s works
configure:3946: result: yes
configure:3960: checking how to run the C preprocessor
configure:3991: gcc -E  conftest.c
configure:3991: $? = 0
configure:4005: gcc -E  conftest.c
conftest.c:12:10: fatal error: ac_nonexistent.h: No such file or directory
 #include <ac_nonexistent.h>
          ^~~~~~~~~~~~~~~~~~
compilation terminated.
configure:4005: $? = 1
configure: failed program was:
| /* confdefs.h */
| #define PACKAGE_NAME ""
| #define PACKAGE_TARNAME ""
| #define PACKAGE_VERSION ""
| #define PACKAGE_STRING ""
| #define PACKAGE_BUGREPORT ""
| #define PACKAGE_URL ""
| #define PACKAGE "crlibm"
| #define VERSION "1.0beta4"
| #define CRLIBM_TYPECPU_AMD64 1
| /* end confdefs.h.  */
| #include <ac_nonexistent.h>
configure:4030: result: gcc -E
configure:4050: gcc -E  conftest.c
configure:4050: $? = 0
configure:4064: gcc -E  conftest.c
conftest.c:12:10: fatal error: ac_nonexistent.h: No such file or directory
 #include <ac_nonexistent.h>
          ^~~~~~~~~~~~~~~~~~
compilation terminated.
configure:4064: $? = 1
configure: failed program was:
| /* confdefs.h */
| #define PACKAGE_NAME ""
| #define PACKAGE_TARNAME ""
| #define PACKAGE_VERSION ""
| #define PACKAGE_STRING ""
| #define PACKAGE_BUGREPORT ""
| #define PACKAGE_URL ""
| #define PACKAGE "crlibm"
| #define VERSION "1.0beta4"
| #define CRLIBM_TYPECPU_AMD64 1
| /* end confdefs.h.  */
| #include <ac_nonexistent.h>
configure:4093: checking for grep that handles long lines and -e
configure:4151: result: /usr/bin/grep
configure:4156: checking for egrep
configure:4218: result: /usr/bin/grep -E
configure:4223: checking for ANSI C header files
configure:4243: gcc -c -fpic -w  conftest.c >&5
configure:4243: $? = 0
configure:4316: gcc -o conftest -fpic -w   conftest.c  >&5
configure:4316: $? = 0
configure:4316: ./conftest
configure:4316: $? = 0
configure:4327: result: yes
configure:4335: checking for an ANSI C-conforming const
configure:4400: gcc -c -fpic -w  conftest.c >&5
configure:4400: $? = 0
configure:4407: result: yes
configure:4415: checking for inline
configure:4431: gcc -c -fpic -w  conftest.c >&5
configure:4431: $? = 0
configure:4439: result: inline
configure:4461: checking for sqrt
configure:4461: gcc -o conftest -fpic -w   conftest.c  >&5
/tmp/ccatyaK4.o: In function `main':
conftest.c:(.text+0xa): undefined reference to `sqrt'
collect2: error: ld returned 1 exit status
configure:4461: $? = 1
configure: failed program was:
| /* confdefs.h */
| #define PACKAGE_NAME ""
| #define PACKAGE_TARNAME ""
| #define PACKAGE_VERSION ""
| #define PACKAGE_STRING ""
| #define PACKAGE_BUGREPORT ""
| #define PACKAGE_URL ""
| #define PACKAGE "crlibm"
| #define VERSION "1.0beta4"
| #define CRLIBM_TYPECPU_AMD64 1
| #define STDC_HEADERS 1
| /* end confdefs.h.  */
| /* Define sqrt to an innocuous variant, in case <limits.h> declares sqrt.
|    For example, HP-UX 11i <limits.h> declares gettimeofday.  */
| #define sqrt innocuous_sqrt
| 
| /* System header to define __stub macros and hopefully few prototypes,
|     which can conflict with char sqrt (); below.
|     Prefer <limits.h> to <assert.h> if __STDC__ is defined, since
|     <limits.h> exists even on freestanding compilers.  */
| 
| #ifdef __STDC__
| # include <limits.h>
| #else
| # include <assert.h>
| #endif
| 
| #undef sqrt
| 
| /* Override any GCC internal prototype to avoid an error.
|    Use char because int might match the return type of a GCC
|    builtin and then its argument prototype would still apply.  */
| #ifdef __cplusplus
| extern "C"
| #endif
| char sqrt ();
| /* The GNU C library defines this for functions which it implements
|     to always fail with ENOSYS.  Some functions are actually named
|     something starting with __ and the normal name is an alias.  */
| #if defined __stub_sqrt || defined __stub___sqrt
| choke me
| #endif
| 
| int
| main ()
| {
| return sqrt ();
|   ;
|   return 0;
| }
configure:4461: result: no
configure:4475: checking for sys/types.h
configure:4475: gcc -c -fpic -w  conftest.c >&5
configure:4475: $? = 0
configure:4475: result: yes
configure:4475: checking for sys/stat.h
configure:4475: gcc -c -fpic -w  conftest.c >&5
configure:4475: $? = 0
configure:4475: result: yes
configure:4475: checking for stdlib.h
configure:4475: gcc -c -fpic -w  conftest.c >&5
configure:4475: $? = 0
configure:4475: result: yes
configure:4475: checking for string.h
configure:4475: gcc -c -fpic -w  conftest.c >&5
configure:4475: $? = 0
configure:4475: result: yes
configure:4475: checking for memory.h
configure:4475: gcc -c -fpic -w  conftest.c >&5
configure:4475: $? = 0
configure:4475: result: yes
configure:4475: checking for strings.h
configure:4475: gcc -c -fpic -w  conftest.c >&5
configure:4475: $? = 0
configure:4475: result: yes
configure:4475: checking for inttypes.h
configure:4475: gcc -c -fpic -w  conftest.c >&5
configure:4475: $? = 0
configure:4475: result: yes
configure:4475: checking for stdint.h
configure:4475: gcc -c -fpic -w  conftest.c >&5
configure:4475: $? = 0
configure:4475: result: yes
configure:4475: checking for unistd.h
configure:4475: gcc -c -fpic -w  conftest.c >&5
configure:4475: $? = 0
configure:4475: result: yes
configure:4490: checking fenv.h usability
configure:4490: gcc -c -fpic -w  conftest.c >&5
configure:4490: $? = 0
configure:4490: result: yes
configure:4490: checking fenv.h presence
configure:4490: gcc -E  conftest.c
configure:4490: $? = 0
configure:4490: result: yes
configure:4490: checking for fenv.h
configure:4490: result: yes
configure:4502: checking float.h usability
configure:4502: gcc -c -fpic -w  conftest.c >&5
configure:4502: $? = 0
configure:4502: result: yes
configure:4502: checking float.h presence
configure:4502: gcc -E  conftest.c
configure:4502: $? = 0
configure:4502: result: yes
configure:4502: checking for float.h
configure:4502: result: yes
configure:4512: checking fpu_control.h usability
configure:4512: gcc -c -fpic -w  conftest.c >&5
configure:4512: $? = 0
configure:4512: result: yes
configure:4512: checking fpu_control.h presence
configure:4512: gcc -E  conftest.c
configure:4512: $? = 0
configure:4512: result: yes
configure:4512: checking for fpu_control.h
configure:4512: result: yes
configure:4538: checking for log in -lm
configure:4563: gcc -o conftest -fpic -w   conftest.c -lm   >&5
configure:4563: $? = 0
configure:4572: result: yes
configure:4584: checking whether byte ordering is bigendian
configure:4599: gcc -c -fpic -w  conftest.c >&5
conftest.c:27:9: error: unknown type name 'not'
         not a universal capable compiler
         ^~~
conftest.c:27:15: error: expected '=', ',', ';', 'asm' or '__attribute__' before 'universal'
         not a universal capable compiler
               ^~~~~~~~~
conftest.c:27:15: error: unknown type name 'universal'
configure:4599: $? = 1
configure: failed program was:
| /* confdefs.h */
| #define PACKAGE_NAME ""
| #define PACKAGE_TARNAME ""
| #define PACKAGE_VERSION ""
| #define PACKAGE_STRING ""
| #define PACKAGE_BUGREPORT ""
| #define PACKAGE_URL ""
| #define PACKAGE "crlibm"
| #define VERSION "1.0beta4"
| #define CRLIBM_TYPECPU_AMD64 1
| #define STDC_HEADERS 1
| #define HAVE_SYS_TYPES_H 1
| #define HAVE_SYS_STAT_H 1
| #define HAVE_STDLIB_H 1
| #define HAVE_STRING_H 1
| #define HAVE_MEMORY_H 1
| #define HAVE_STRINGS_H 1
| #define HAVE_INTTYPES_H 1
| #define HAVE_STDINT_H 1
| #define HAVE_UNISTD_H 1
| #define HAVE_FENV_H 1
| #define HAVE_FLOAT_H 1
| #define CRLIBM_HAS_FPU_CONTROL 1
| #define HAVE_LIBM 1
| /* end confdefs.h.  */
| #ifndef __APPLE_CC__
| 	       not a universal capable compiler
| 	     #endif
| 	     typedef int dummy;
| 
configure:4644: gcc -c -fpic -w  conftest.c >&5
configure:4644: $? = 0
configure:4662: gcc -c -fpic -w  conftest.c >&5
conftest.c: In function 'main':
conftest.c:33:4: error: unknown type name 'not'; did you mean 'ino_t'?
    not big endian
    ^~~
    ino_t
conftest.c:33:12: error: expected '=', ',', ';', 'asm' or '__attribute__' before 'endian'
    not big endian
            ^~~~~~
configure:4662: $? = 1
configure: failed program was:
| /* confdefs.h */
| #define PACKAGE_NAME ""
| #define PACKAGE_TARNAME ""
| #define PACKAGE_VERSION ""
| #define PACKAGE_STRING ""
| #define PACKAGE_BUGREPORT ""
| #define PACKAGE_URL ""
| #define PACKAGE "crlibm"
| #define VERSION "1.0beta4"
| #define CRLIBM_TYPECPU_AMD64 1
| #define STDC_HEADERS 1
| #define HAVE_SYS_TYPES_H 1
| #define HAVE_SYS_STAT_H 1
| #define HAVE_STDLIB_H 1
| #define HAVE_STRING_H 1
| #define HAVE_MEMORY_H 1
| #define HAVE_STRINGS_H 1
| #define HAVE_INTTYPES_H 1
| #define HAVE_STDINT_H 1
| #define HAVE_UNISTD_H 1
| #define HAVE_FENV_H 1
| #define HAVE_FLOAT_H 1
| #define CRLIBM_HAS_FPU_CONTROL 1
| #define HAVE_LIBM 1
| /* end confdefs.h.  */
| #include <sys/types.h>
| 		#include <sys/param.h>
| 
| int
| main ()
| {
| #if BYTE_ORDER != BIG_ENDIAN
| 		 not big endian
| 		#endif
| 
|   ;
|   return 0;
| }
configure:4790: result: no
configure:4811: checking for long double with more range or precision than double
configure:4846: gcc -c -fpic -w  conftest.c >&5
configure:4846: $? = 0
configure:4853: result: yes
configure:4874: checking size of int
configure:4879: gcc -o conftest -fpic -w   conftest.c -lm  >&5
configure:4879: $? = 0
configure:4879: ./conftest
configure:4879: $? = 0
configure:4894: result: 4
configure:5811: creating ./config.status

## ---------------------- ##
## Running config.status. ##
## ---------------------- ##

This file was extended by config.status, which was
generated by GNU Autoconf 2.64.  Invocation command line was

  CONFIG_FILES    = 
  CONFIG_HEADERS  = 
  CONFIG_LINKS    = 
  CONFIG_COMMANDS = 
  $ ./config.status --quiet

on ip-172-31-21-171.ec2.internal

config.status:879: creating Makefile
config.status:879: creating tests/Makefile
config.status:879: creating scs_lib/Makefile
config.status:879: creating crlibm_config.h
config.status:1051: crlibm_config.h is unchanged
config.status:1099: executing depfiles commands

## ---------------- ##
## Cache variables. ##
## ---------------- ##

ac_cv_build=x86_64-unknown-linux-gnu
ac_cv_c_bigendian=no
ac_cv_c_compiler_gnu=yes
ac_cv_c_const=yes
ac_cv_c_inline=inline
ac_cv_c_long_double=yes
ac_cv_env_CC_set=
ac_cv_env_CC_value=
ac_cv_env_CFLAGS_set=set
ac_cv_env_CFLAGS_value='-fpic -w'
ac_cv_env_CPPFLAGS_set=
ac_cv_env_CPPFLAGS_value=
ac_cv_env_CPP_set=
ac_cv_env_CPP_value=
ac_cv_env_LDFLAGS_set=
ac_cv_env_LDFLAGS_value=
ac_cv_env_LIBS_set=
ac_cv_env_LIBS_value=
ac_cv_env_build_alias_set=
ac_cv_env_build_alias_value=
ac_cv_env_host_alias_set=
ac_cv_env_host_alias_value=
ac_cv_env_target_alias_set=
ac_cv_env_target_alias_value=
ac_cv_func_sqrt=no
ac_cv_header_fenv_h=yes
ac_cv_header_float_h=yes
ac_cv_header_fpu_control_h=yes
ac_cv_header_inttypes_h=yes
ac_cv_header_memory_h=yes
ac_cv_header_stdc=yes
ac_cv_header_stdint_h=yes
ac_cv_header_stdlib_h=yes
ac_cv_header_string_h=yes
ac_cv_header_strings_h=yes
ac_cv_header_sys_stat_h=yes
ac_cv_header_sys_types_h=yes
ac_cv_header_unistd_h=yes
ac_cv_host=x86_64-unknown-linux-gnu
ac_cv_lib_m_log=yes
ac_cv_objext=o
ac_cv_path_EGREP='/usr/bin/grep -E'
ac_cv_path_GREP=/usr/bin/grep
ac_cv_path_install='/usr/bin/install -c'
ac_cv_path_mkdir=/usr/bin/mkdir
ac_cv_prog_AWK=gawk
ac_cv_prog_CPP='gcc -E'
ac_cv_prog_ac_ct_CC=gcc
ac_cv_prog_ac_ct_RANLIB=ranlib
ac_cv_prog_cc_c89=
ac_cv_prog_cc_g=yes
ac_cv_prog_make_make_set=yes
ac_cv_sizeof_int=4
ac_cv_type_long_double_wider=yes
am_cv_CC_dependencies_compiler_type=gcc3

## ----------------- ##
## Output variables. ##
## ----------------- ##

ACLOCAL='${SHELL} /home/ec2-user/.julia/packages/CRlibm/2S9DB/deps/src/crlibm-1.0beta4/missing --run aclocal-1.11'
AMDEPBACKSLASH='\'
AMDEP_FALSE='#'
AMDEP_TRUE=''
AMTAR='${SHELL} /home/ec2-user/.julia/packages/CRlibm/2S9DB/deps/src/crlibm-1.0beta4/missing --run tar'
AUTOCONF='${SHELL} /home/ec2-user/.julia/packages/CRlibm/2S9DB/deps/src/crlibm-1.0beta4/missing --run autoconf'
AUTOHEADER='${SHELL} /home/ec2-user/.julia/packages/CRlibm/2S9DB/deps/src/crlibm-1.0beta4/missing --run autoheader'
AUTOMAKE='${SHELL} /home/ec2-user/.julia/packages/CRlibm/2S9DB/deps/src/crlibm-1.0beta4/missing --run automake-1.11'
AWK='gawk'
CC='gcc'
CCDEPMODE='depmode=gcc3'
CFLAGS='-fpic -w'
COMPILER_ICC_FALSE=''
COMPILER_ICC_TRUE='#'
CPP='gcc -E'
CPPFLAGS=''
CYGPATH_W='echo'
DEFS='-DHAVE_CONFIG_H'
DEPDIR='.deps'
ECHO_C=''
ECHO_N='-n'
ECHO_T=''
EGREP='/usr/bin/grep -E'
EXEEXT=''
GREP='/usr/bin/grep'
HAS_FPU_CONTROL_FALSE='#'
HAS_FPU_CONTROL_TRUE=''
INSTALL_DATA='${INSTALL} -m 644'
INSTALL_PROGRAM='${INSTALL}'
INSTALL_SCRIPT='${INSTALL}'
INSTALL_STRIP_PROGRAM='$(install_sh) -c -s'
ISODATE='2019-08-31'
LDFLAGS=''
LIBOBJS=''
LIBS='-lm '
LN_S='ln -s'
LTLIBOBJS=''
MAKEINFO='${SHELL} /home/ec2-user/.julia/packages/CRlibm/2S9DB/deps/src/crlibm-1.0beta4/missing --run makeinfo'
MKDIR_P='/usr/bin/mkdir -p'
OBJEXT='o'
PACKAGE='crlibm'
PACKAGE_BUGREPORT=''
PACKAGE_NAME=''
PACKAGE_STRING=''
PACKAGE_TARNAME=''
PACKAGE_URL=''
PACKAGE_VERSION=''
PATH_SEPARATOR=':'
RANLIB='ranlib'
SET_MAKE=''
SHELL='/bin/sh'
STRIP=''
USE_HARDWARE_DE_FALSE='#'
USE_HARDWARE_DE_TRUE=''
USE_INTERVAL_FUNCTIONS_FALSE=''
USE_INTERVAL_FUNCTIONS_TRUE='#'
USE_SSE2_FALSE=''
USE_SSE2_TRUE='#'
VERSION='1.0beta4'
ac_ct_CC='gcc'
am__EXEEXT_FALSE=''
am__EXEEXT_TRUE='#'
am__fastdepCC_FALSE='#'
am__fastdepCC_TRUE=''
am__include='include'
am__isrc=''
am__leading_dot='.'
am__quote=''
am__tar='${AMTAR} chof - "$$tardir"'
am__untar='${AMTAR} xf -'
bindir='${exec_prefix}/bin'
build='x86_64-unknown-linux-gnu'
build_alias=''
build_cpu='x86_64'
build_os='linux-gnu'
build_vendor='unknown'
datadir='${datarootdir}'
datarootdir='${prefix}/share'
docdir='${datarootdir}/doc/${PACKAGE}'
dvidir='${docdir}'
exec_prefix='${prefix}'
host='x86_64-unknown-linux-gnu'
host_alias=''
host_cpu='x86_64'
host_os='linux-gnu'
host_vendor='unknown'
htmldir='${docdir}'
includedir='${prefix}/include'
infodir='${datarootdir}/info'
install_sh='${SHELL} /home/ec2-user/.julia/packages/CRlibm/2S9DB/deps/src/crlibm-1.0beta4/install-sh'
libdir='${exec_prefix}/lib'
libexecdir='${exec_prefix}/libexec'
localedir='${datarootdir}/locale'
localstatedir='${prefix}/var'
mandir='${datarootdir}/man'
mkdir_p='/usr/bin/mkdir -p'
oldincludedir='/usr/include'
pdfdir='${docdir}'
prefix='/usr/local'
program_transform_name='s,x,x,'
psdir='${docdir}'
sbindir='${exec_prefix}/sbin'
sharedstatedir='${prefix}/com'
sysconfdir='${prefix}/etc'
target_alias=''

## ----------- ##
## confdefs.h. ##
## ----------- ##

/* confdefs.h */
#define PACKAGE_NAME ""
#define PACKAGE_TARNAME ""
#define PACKAGE_VERSION ""
#define PACKAGE_STRING ""
#define PACKAGE_BUGREPORT ""
#define PACKAGE_URL ""
#define PACKAGE "crlibm"
#define VERSION "1.0beta4"
#define CRLIBM_TYPECPU_AMD64 1
#define STDC_HEADERS 1
#define HAVE_SYS_TYPES_H 1
#define HAVE_SYS_STAT_H 1
#define HAVE_STDLIB_H 1
#define HAVE_STRING_H 1
#define HAVE_MEMORY_H 1
#define HAVE_STRINGS_H 1
#define HAVE_INTTYPES_H 1
#define HAVE_STDINT_H 1
#define HAVE_UNISTD_H 1
#define HAVE_FENV_H 1
#define HAVE_FLOAT_H 1
#define CRLIBM_HAS_FPU_CONTROL 1
#define HAVE_LIBM 1
#define HAVE_LONG_DOUBLE_WIDER 1
#define HAVE_LONG_DOUBLE 1
#define SIZEOF_INT 4
#define SCS_NB_WORDS 8
#define SCS_NB_BITS 30

configure: exit 0
