`/bin/bash -c "alias ll='ls -la'

vecho() {
    if [[ \"false\" == \"true\" ]]; then
        echo \"\$@\"
    fi
}
vecho_red() {
    (vecho \"\$@\" >&2)
}

# Save bash history (and optionally echo it out as it happens)
save_history() {
    vecho_red \" ---> \$BASH_COMMAND\"
    history -s \"\$BASH_COMMAND\"
    history -a
}

# Save our environment into \`/meta/.env\`, eliminating read-only variables
# so that this file can be sourced upon entering a debug shell.
save_env() {
    set +x
    set > /meta/.env
    # Ignore read-only variables
    for l in BASHOPTS BASH_VERSINFO UID EUID PPID SHELLOPTS; do
        grep -v \"^\$l=\" /meta/.env > /meta/.env2
        mv /meta/.env2 /meta/.env
    done
    echo \"cd \$(pwd)\" >> /meta/.env
}

# We do a little sleight-of-hand here; we want to build inside of a tmpfs
# because \`srcdir\` might be mapped in through a networked filesystem, which
# totally wrecks our I/O performance.  So what we do instead is bind-mount
# \`srcdir\` to another location so that we can always get at it, copy its
# contents to a new tmpfs we mount at the location of \`srcdir\`, then when
# we exit on an error, we copy everything back over again
tmpify_srcdir() {
    vecho \"Copying srcdir to tmpfs...\"
    mkdir -p \$WORKSPACE/.true_srcdir
    mount --bind \$WORKSPACE/srcdir \$WORKSPACE/.true_srcdir
    mount -t tmpfs tmpfs \$WORKSPACE/srcdir
    rsync -rlptD \$WORKSPACE/.true_srcdir/ \$WORKSPACE/srcdir

    # We may have changed what pwd() means out from underneath ourselves
    cd \$(pwd)
}

# Copy our tmpfs version of \`srcdir\` back onto disk.
save_srcdir() {
    vecho_red \"Saving srcdir due to previous error...\"
    rsync -rlptD \$WORKSPACE/srcdir/ \$WORKSPACE/.true_srcdir --delete
}

# If /meta is mounted, then we want to save history and environment
if [[ -d /meta ]]; then
    trap save_history DEBUG
    trap \"save_env\" EXIT
    trap \"save_env; save_srcdir\" INT TERM ERR
fi

# Stop if we hit any errors.
set -e

# Swap out srcdir from underneath our feet
tmpify_srcdir

if [ \$target != \"x86_64-w64-mingw32\" ]; then
cd \$WORKSPACE/srcdir
cd arb/
./configure --prefix=\$prefix --disable-static --enable-shared --with-gmp=\$prefix --with-mpfr=\$prefix --with-flint=\$prefix
make -j\${nproc}
make install

else
cd \$WORKSPACE/srcdir
cd arb/
./configure --prefix=\$prefix --disable-static --enable-shared --with-gmp=\$prefix --with-mpfr=\$prefix --with-flint=\$prefix
if [ ! -f \$prefx/lib/libflint-13.dll ]; then cp \$prefix/bin/libflint-13.dll \$prefix/lib/; fi
if [ ! -f \$prefx/lib/libflint.dll ]; then cp \$prefix/bin/libflint.dll \$prefix/lib/; fi
#cp -n \$prefix/bin/libflint-13.dll \$prefix/bin/libflint.dll \$prefix/lib/;
cp \$prefix/bin/libflint-13.dll \$prefix/bin/libflint.dll \$prefix/lib/
make -j\${nproc}
make install
rm \$WORKSPACE/destdir/bin/libflint-13.dll
rm \$WORKSPACE/destdir/bin/libflint.dll
cd \$prefix/lib
mv libarb.so libarb.dll
fi


"`
FLINT_LIB_DIR set to /workspace/destdir/lib
FLINT_INC_DIR set to /workspace/destdir/include
Configuring...x86_64-Linux
Testing __builtin_popcountl...yes
Testing native popcount...yes
Testing __thread...yes
ARB was successfully configured.
make[1]: Entering directory '/workspace/srcdir/arb'
mkdir -p build/interfaces
make[2]: Entering directory '/workspace/srcdir/arb/fmpr'
    CC   ../build/fmpr/set_round_ui_2exp_fmpz.lo
    CC   ../build/fmpr/add_mpn.lo
    CC   ../build/fmpr/mul_fmpz.lo
    CC   ../build/fmpr/add_ui.lo
    CC   ../build/fmpr/sub.lo
    CC   ../build/fmpr/set_mpfr.lo
    CC   ../build/fmpr/print.lo
    CC   ../build/fmpr/set_fmpq.lo
    CC   ../build/fmpr/normalise.lo
    CC   ../build/fmpr/div.lo
    CC   ../build/fmpr/cmpabs_ui.lo
    CC   ../build/fmpr/add_si.lo
    CC   ../build/fmpr/sqrt.lo
    CC   ../build/fmpr/set_round_uiui_2exp_fmpz.lo
    CC   ../build/fmpr/mul_1x1.lo
    CC   ../build/fmpr/add.lo
    CC   ../build/fmpr/submul.lo
    CC   ../build/fmpr/pow_sloppy.lo
    CC   ../build/fmpr/cmpabs_2exp_si.lo
    CC   ../build/fmpr/set_round_mpn.lo
    CC   ../build/fmpr/rsqrt.lo
    CC   ../build/fmpr/randtest.lo
    CC   ../build/fmpr/get_fmpz.lo
    CC   ../build/fmpr/get_fmpq.lo
    CC   ../build/fmpr/printd.lo
    CC   ../build/fmpr/cmpabs.lo
    CC   ../build/fmpr/mul.lo
    CC   ../build/fmpr/set_round.lo
    CC   ../build/fmpr/ulp.lo
    CC   ../build/fmpr/get_fmpz_fixed.lo
    CC   ../build/fmpr/root.lo
    CC   ../build/fmpr/check_ulp.lo
    CC   ../build/fmpr/exp.lo
    CC   ../build/fmpr/mul_naive.lo
    CC   ../build/fmpr/add_fmpz.lo
    CC   ../build/fmpr/log.lo
    CC   ../build/fmpr/addmul.lo
    CC   ../build/fmpr/mul_mpn.lo
    CC   ../build/fmpr/cmp.lo
    CC   ../build/fmpr/set_fmpz_2exp.lo
    CC   ../build/fmpr/get_d.lo
    CC   ../build/fmpr/add_eps.lo
    CC   ../build/fmpr/cmp_2exp_si.lo
    CC   ../build/fmpr/get_mpfr.lo
    CC   ../build/fmpr/set_d.lo
    CC   ../build/fmpr/get_fmpz_2exp.lo
    CC   ../build/fmpr/get_si.lo
    CC   ../build/fmpr/add_naive.lo
    CC   ../build/fmpr/../fmpr.lo
make[2]: Leaving directory '/workspace/srcdir/arb/fmpr'
make[2]: Entering directory '/workspace/srcdir/arb/arf'
    CC   ../build/arf/set_mpn_fixed.lo
    CC   ../build/arf/add_mpn.lo
    CC   ../build/arf/sub.lo
    CC   ../build/arf/set_mpfr.lo
    CC   ../build/arf/is_int_2exp_si.lo
    CC   ../build/arf/mul_via_mpfr.lo
    CC   ../build/arf/mul_rnd_any.lo
    CC   ../build/arf/mul_rnd_down.lo
    CC   ../build/arf/floor.lo
    CC   ../build/arf/get_fmpq.lo
    CC   ../build/arf/div.lo
    CC   ../build/arf/get_si.lo
    CC   ../build/arf/sqrt.lo
    CC   ../build/arf/set_round_ui.lo
    CC   ../build/arf/set_fmpr.lo
    CC   ../build/arf/frexp.lo
    CC   ../build/arf/abs_bound_lt_2exp_si.lo
    CC   ../build/arf/submul.lo
    CC   ../build/arf/cmpabs_2exp_si.lo
    CC   ../build/arf/set_round_mpn.lo
    CC   ../build/arf/rsqrt.lo
    CC   ../build/arf/randtest.lo
    CC   ../build/arf/get_fmpz.lo
    CC   ../build/arf/sosq.lo
    CC   ../build/arf/sum.lo
    CC   ../build/arf/cmpabs.lo
    CC   ../build/arf/inlines.lo
    CC   ../build/arf/set_round.lo
    CC   ../build/arf/set_round_uiui.lo
    CC   ../build/arf/cmp.lo
    CC   ../build/arf/root.lo
    CC   ../build/arf/get_integer_mpn.lo
    CC   ../build/arf/add.lo
    CC   ../build/arf/mul_tmp_cleanup.lo
    CC   ../build/arf/ceil.lo
    CC   ../build/arf/neg_round.lo
    CC   ../build/arf/get_fmpr.lo
    CC   ../build/arf/fprint.lo
    CC   ../build/arf/mul_special.lo
    CC   ../build/arf/memory_manager.lo
    CC   ../build/arf/get_mag.lo
    CC   ../build/arf/equal.lo
    CC   ../build/arf/complex_mul.lo
    CC   ../build/arf/get_fmpz_2exp.lo
    CC   ../build/arf/get_d.lo
    CC   ../build/arf/addmul.lo
    CC   ../build/arf/cmp_2exp_si.lo
    CC   ../build/arf/set_mpn.lo
    CC   ../build/arf/get_mpfr.lo
    CC   ../build/arf/clear.lo
    CC   ../build/arf/set_d.lo
    CC   ../build/arf/debug.lo
    CC   ../build/arf/is_int.lo
    CC   ../build/arf/../arf.lo
make[2]: Leaving directory '/workspace/srcdir/arb/arf'
make[2]: Entering directory '/workspace/srcdir/arb/mag'
    CC   ../build/mag/pow_fmpz.lo
    CC   ../build/mag/add_ui.lo
    CC   ../build/mag/add_2exp_fmpz.lo
    CC   ../build/mag/const_pi.lo
    CC   ../build/mag/sub.lo
    CC   ../build/mag/cosh.lo
    CC   ../build/mag/add.lo
    CC   ../build/mag/set_ui_2exp_si.lo
    CC   ../build/mag/log_ui.lo
    CC   ../build/mag/set_fmpz_2exp_fmpz.lo
    CC   ../build/mag/div.lo
    CC   ../build/mag/sqrt.lo
    CC   ../build/mag/add_ui_2exp_si.lo
    CC   ../build/mag/mul_2exp_si.lo
    CC   ../build/mag/get_fmpr.lo
    CC   ../build/mag/exp_tail.lo
    CC   ../build/mag/expm1.lo
    CC   ../build/mag/polylog_tail.lo
    CC   ../build/mag/hurwitz_zeta_uiui.lo
    CC   ../build/mag/rsqrt.lo
    CC   ../build/mag/randtest.lo
    CC   ../build/mag/get_fmpz.lo
    CC   ../build/mag/get_fmpq.lo
    CC   ../build/mag/pow_ui.lo
    CC   ../build/mag/bernoulli_div_fac_ui.lo
    CC   ../build/mag/mul.lo
    CC   ../build/mag/fac_ui.lo
    CC   ../build/mag/inlines.lo
    CC   ../build/mag/hypot.lo
    CC   ../build/mag/bin_uiui.lo
    CC   ../build/mag/cmp.lo
    CC   ../build/mag/binpow_uiui.lo
    CC   ../build/mag/root.lo
    CC   ../build/mag/div_lower.lo
    CC   ../build/mag/expinv.lo
    CC   ../build/mag/log1p.lo
    CC   ../build/mag/sinh.lo
    CC   ../build/mag/set_d_2exp_fmpz.lo
    CC   ../build/mag/fprint.lo
    CC   ../build/mag/get_d.lo
    CC   ../build/mag/d_log.lo
    CC   ../build/mag/get_d_log2_approx.lo
    CC   ../build/mag/atan.lo
    CC   ../build/mag/set_ui.lo
    CC   ../build/mag/mul_2exp_fmpz.lo
    CC   ../build/mag/geom_series.lo
    CC   ../build/mag/addmul.lo
    CC   ../build/mag/cmp_2exp_si.lo
    CC   ../build/mag/set_fmpr.lo
    CC   ../build/mag/clear.lo
    CC   ../build/mag/set_d.lo
    CC   ../build/mag/log.lo
    CC   ../build/mag/sub_lower.lo
    CC   ../build/mag/exp.lo
    CC   ../build/mag/../mag.lo
make[2]: Leaving directory '/workspace/srcdir/arb/mag'
make[2]: Entering directory '/workspace/srcdir/arb/arb'
    CC   ../build/arb/atan_sum_bs_powtab.lo
    CC   ../build/arb/sin_cos_arf_generic.lo
    CC   ../build/arb/zeta_ui_vec_odd.lo
    CC   ../build/arb/const_pi.lo
    CC   ../build/arb/cot.lo
    CC   ../build/arb/sub.lo
    CC   ../build/arb/rising_fmpq_ui.lo
    CC   ../build/arb/sin_cos_arf_bb.lo
    CC   ../build/arb/atan_sum_bs_simple.lo
    CC   ../build/arb/sinc_pi.lo
    CC   ../build/arb/acos.lo
    CC   ../build/arb/const_log2.lo
    CC   ../build/arb/sinh_cosh.lo
    CC   ../build/arb/intersection.lo
    CC   ../build/arb/mul_2exp_si.lo
    CC   ../build/arb/exp_arf_bb.lo
    CC   ../build/arb/const_catalan.lo
    CC   ../build/arb/neg.lo
    CC   ../build/arb/exp_sum_bs_simple.lo
    CC   ../build/arb/log_arf.lo
    CC   ../build/arb/contains_fmpq.lo
    CC   ../build/arb/atan_arf_bb.lo
    CC   ../build/arb/tan_pi.lo
    CC   ../build/arb/exp_taylor_bound.lo
    CC   ../build/arb/const_euler.lo
    CC   ../build/arb/set_round_fmpz_2exp.lo
    CC   ../build/arb/cot_pi.lo
    CC   ../build/arb/rising2_ui_bs.lo
    CC   ../build/arb/tanh.lo
    CC   ../build/arb/get_interval_arf.lo
    CC   ../build/arb/zeta_ui_euler_product.lo
    CC   ../build/arb/sgn_nonzero.lo
    CC   ../build/arb/test_multiplier.lo
    CC   ../build/arb/log_ui_from_prev.lo
    CC   ../build/arb/zeta_ui.lo
    CC   ../build/arb/rsqrt.lo
    CC   ../build/arb/chebyshev_u_ui.lo
    CC   ../build/arb/coth.lo
    CC   ../build/arb/contains.lo
    CC   ../build/arb/contains_fmpz.lo
    CC   ../build/arb/pow_fmpz_binexp.lo
    CC   ../build/arb/get_lbound_arf.lo
    CC   ../build/arb/contains_arf.lo
    CC   ../build/arb/euler_number_ui.lo
    CC   ../build/arb/get_ubound_arf.lo
    CC   ../build/arb/atan_taylor_naive.lo
    CC   ../build/arb/hypot.lo
    CC   ../build/arb/set_interval_mag.lo
    CC   ../build/arb/get_abs_lbound_arf.lo
    CC   ../build/arb/sin_cos_generic.lo
    CC   ../build/arb/min.lo
    CC   ../build/arb/rel_error_bits.lo
    CC   ../build/arb/sin_cos.lo
    CC   ../build/arb/digamma.lo
    CC   ../build/arb/chebyshev_t_ui.lo
    CC   ../build/arb/vec_set_powers.lo
    CC   ../build/arb/zeta_ui_bernoulli.lo
    CC   ../build/arb/asinh.lo
    CC   ../build/arb/zeta.lo
    CC   ../build/arb/const_log_sqrt2pi.lo
    CC   ../build/arb/ceil.lo
    CC   ../build/arb/exp_taylor_rs.lo
    CC   ../build/arb/neg_round.lo
    CC   ../build/arb/get_rand_fmpq.lo
    CC   ../build/arb/get_mag_lower.lo
    CC   ../build/arb/log1p.lo
    CC   ../build/arb/lambertw.lo
    CC   ../build/arb/set_interval_neg_pos_mag.lo
    CC   ../build/arb/atan.lo
    CC   ../build/arb/chebyshev_u2_ui.lo
    CC   ../build/arb/set_d.lo
    CC   ../build/arb/exp_taylor_naive.lo
    CC   ../build/arb/sech.lo
    CC   ../build/arb/asin.lo
    CC   ../build/arb/approx_dot.lo
    CC   ../build/arb/get_mpn_fixed_mod_pi4.lo
    CC   ../build/arb/pow_fmpq.lo
    CC   ../build/arb/bernoulli_fmpz.lo
    CC   ../build/arb/set_ui.lo
    CC   ../build/arb/log.lo
    CC   ../build/arb/bernoulli_ui.lo
    CC   ../build/arb/get_interval_mpfr.lo
    CC   ../build/arb/add.lo
    CC   ../build/arb/csch.lo
    CC   ../build/arb/atan_taylor_rs.lo
    CC   ../build/arb/sinc.lo
    CC   ../build/arb/zeta_ui_vec_even.lo
    CC   ../build/arb/inlines.lo
    CC   ../build/arb/get_mag_lower_nonnegative.lo
    CC   ../build/arb/set_str.lo
    CC   ../build/arb/mul.lo
    CC   ../build/arb/fac.lo
    CC   ../build/arb/get_str.lo
    CC   ../build/arb/fib.lo
    CC   ../build/arb/pow.lo
    CC   ../build/arb/rising2_ui_rs.lo
    CC   ../build/arb/set_si.lo
    CC   ../build/arb/const_log10.lo
    CC   ../build/arb/pow_fmpz.lo
    CC   ../build/arb/vec_clear.lo
    CC   ../build/arb/set.lo
    CC   ../build/arb/partitions_fmpz.lo
    CC   ../build/arb/bin.lo
    CC   ../build/arb/rising_ui_bs.lo
    CC   ../build/arb/sqrtpos.lo
    CC   ../build/arb/trim.lo
    CC   ../build/arb/get_abs_ubound_arf.lo
    CC   ../build/arb/get_mpn_fixed_mod_log2.lo
    CC   ../build/arb/atan_arf.lo
    CC   ../build/arb/abs.lo
    CC   ../build/arb/floor.lo
    CC   ../build/arb/sqrt1pm1.lo
    CC   ../build/arb/sec.lo
    CC   ../build/arb/one.lo
    CC   ../build/arb/const_sqrt_pi.lo
    CC   ../build/arb/sin_cos_pi_fmpq_algebraic.lo
    CC   ../build/arb/contains_int.lo
    CC   ../build/arb/rising2_ui.lo
    CC   ../build/arb/acosh.lo
    CC   ../build/arb/atan2.lo
    CC   ../build/arb/sqrt.lo
    CC   ../build/arb/randtest.lo
    CC   ../build/arb/sin_cos_tab.lo
    CC   ../build/arb/overlaps.lo
    CC   ../build/arb/clear.lo
    CC   ../build/arb/sin_cos_pi.lo
    CC   ../build/arb/root_ui.lo
    CC   ../build/arb/set_interval_arf.lo
    CC   ../build/arb/zero.lo
    CC   ../build/arb/dot_simple.lo
    CC   ../build/arb/euler_number_fmpz.lo
    CC   ../build/arb/atan_tab.lo
    CC   ../build/arb/agm.lo
    CC   ../build/arb/max.lo
    CC   ../build/arb/log_tab.lo
    CC   ../build/arb/set_fmpz.lo
    CC   ../build/arb/const_apery.lo
    CC   ../build/arb/sin_cos_taylor_naive.lo
    CC   ../build/arb/const_glaisher.lo
    CC   ../build/arb/add_error.lo
    CC   ../build/arb/version.lo
    CC   ../build/arb/tan.lo
    CC   ../build/arb/log_hypot.lo
    CC   ../build/arb/polylog.lo
    CC   ../build/arb/set_round.lo
    CC   ../build/arb/doublefac_ui.lo
    CC   ../build/arb/exp_tab.lo
    CC   ../build/arb/rising_ui_rs.lo
    CC   ../build/arb/dot.lo
    CC   ../build/arb/get_interval_fmpz_2exp.lo
    CC   ../build/arb/vec_get_mag.lo
    CC   ../build/arb/csc.lo
    CC   ../build/arb/power_sum_vec.lo
    CC   ../build/arb/richcmp.lo
    CC   ../build/arb/div.lo
    CC   ../build/arb/zeta_ui_vec_borwein.lo
    CC   ../build/arb/atanh.lo
    CC   ../build/arb/bernoulli_ui_zeta.lo
    CC   ../build/arb/zeta_ui_vec.lo
    CC   ../build/arb/get_fmpz_mid_rad_10exp.lo
    CC   ../build/arb/zeta_ui_borwein_bsplit.lo
    CC   ../build/arb/union.lo
    CC   ../build/arb/nonnegative_part.lo
    CC   ../build/arb/bell_fmpz.lo
    CC   ../build/arb/hurwitz_zeta.lo
    CC   ../build/arb/fprint.lo
    CC   ../build/arb/div_2expm1_ui.lo
    CC   ../build/arb/log_base_ui.lo
    CC   ../build/arb/contains_mpfr.lo
    CC   ../build/arb/submul.lo
    CC   ../build/arb/rising_ui_rec.lo
    CC   ../build/arb/indeterminate.lo
    CC   ../build/arb/get_unique_fmpz.lo
    CC   ../build/arb/chebyshev_t2_ui.lo
    CC   ../build/arb/sin_cos_taylor_rs.lo
    CC   ../build/arb/sin_cos_pi_fmpq.lo
    CC   ../build/arb/sgn.lo
    CC   ../build/arb/bernoulli_poly_ui.lo
    CC   ../build/arb/set_interval_mpfr.lo
    CC   ../build/arb/addmul.lo
    CC   ../build/arb/exp_sum_bs_powtab.lo
    CC   ../build/arb/is_finite.lo
    CC   ../build/arb/set_round_fmpz.lo
    CC   ../build/arb/contains_si.lo
    CC   ../build/arb/vec_init.lo
    CC   ../build/arb/dot_precise.lo
    CC   ../build/arb/exp_arf_rs_generic.lo
    CC   ../build/arb/const_khinchin.lo
    CC   ../build/arb/gamma.lo
    CC   ../build/arb/can_round_mpfr.lo
    CC   ../build/arb/const_e.lo
    CC   ../build/arb/sin_cos_wide.lo
    CC   ../build/arb/rising_ui.lo
    CC   ../build/arb/exp.lo
    CC   ../build/arb/bell_sum_bsplit.lo
    CC   ../build/arb/bell_sum_taylor.lo
    CC   ../build/arb/../arb.lo
make[2]: Leaving directory '/workspace/srcdir/arb/arb'
make[2]: Entering directory '/workspace/srcdir/arb/arb_mat'
    CC   ../build/arb_mat/add.lo
    CC   ../build/arb_mat/contains_fmpq_mat.lo
    CC   ../build/arb_mat/set.lo
    CC   ../build/arb_mat/approx_mul.lo
    CC   ../build/arb_mat/approx_inv.lo
    CC   ../build/arb_mat/sub.lo
    CC   ../build/arb_mat/det_precond.lo
    CC   ../build/arb_mat/contains.lo
    CC   ../build/arb_mat/ldl.lo
    CC   ../build/arb_mat/approx_solve_lu_precomp.lo
    CC   ../build/arb_mat/solve_lu.lo
    CC   ../build/arb_mat/set_fmpq_mat.lo
    CC   ../build/arb_mat/count_is_zero.lo
    CC   ../build/arb_mat/pascal.lo
    CC   ../build/arb_mat/set_fmpz_mat.lo
    CC   ../build/arb_mat/lu_recursive.lo
    CC   ../build/arb_mat/eq.lo
    CC   ../build/arb_mat/charpoly.lo
    CC   ../build/arb_mat/inv.lo
    CC   ../build/arb_mat/overlaps.lo
    CC   ../build/arb_mat/clear.lo
    CC   ../build/arb_mat/contains_fmpz_mat.lo
    CC   ../build/arb_mat/is_exact.lo
    CC   ../build/arb_mat/one.lo
    CC   ../build/arb_mat/zero.lo
    CC   ../build/arb_mat/mul_entrywise.lo
    CC   ../build/arb_mat/randtest.lo
    CC   ../build/arb_mat/frobenius_norm.lo
    CC   ../build/arb_mat/pow_ui.lo
    CC   ../build/arb_mat/diag_prod.lo
    CC   ../build/arb_mat/stirling.lo
    CC   ../build/arb_mat/mul.lo
    CC   ../build/arb_mat/exp_taylor_sum.lo
    CC   ../build/arb_mat/ne.lo
    CC   ../build/arb_mat/entrywise_not_is_zero.lo
    CC   ../build/arb_mat/ones.lo
    CC   ../build/arb_mat/inv_cho_precomp.lo
    CC   ../build/arb_mat/entrywise_is_zero.lo
    CC   ../build/arb_mat/transpose.lo
    CC   ../build/arb_mat/window_init.lo
    CC   ../build/arb_mat/set_round_fmpz_mat.lo
    CC   ../build/arb_mat/is_zero.lo
    CC   ../build/arb_mat/spd_inv.lo
    CC   ../build/arb_mat/solve_ldl_precomp.lo
    CC   ../build/arb_mat/cho.lo
    CC   ../build/arb_mat/exp.lo
    CC   ../build/arb_mat/equal.lo
    CC   ../build/arb_mat/solve_preapprox.lo
    CC   ../build/arb_mat/solve_lu_precomp.lo
    CC   ../build/arb_mat/bound_inf_norm.lo
    CC   ../build/arb_mat/fprintd.lo
    CC   ../build/arb_mat/lu_classical.lo
    CC   ../build/arb_mat/find_pivot_partial.lo
    CC   ../build/arb_mat/solve_tril.lo
    CC   ../build/arb_mat/addmul_rad_mag_fast.lo
    CC   ../build/arb_mat/solve.lo
    CC   ../build/arb_mat/approx_solve.lo
    CC   ../build/arb_mat/is_triu.lo
    CC   ../build/arb_mat/companion.lo
    CC   ../build/arb_mat/is_tril.lo
    CC   ../build/arb_mat/approx_solve_tril.lo
    CC   ../build/arb_mat/inv_ldl_precomp.lo
    CC   ../build/arb_mat/indeterminate.lo
    CC   ../build/arb_mat/init.lo
    CC   ../build/arb_mat/approx_lu.lo
    CC   ../build/arb_mat/neg.lo
    CC   ../build/arb_mat/mul_block.lo
    CC   ../build/arb_mat/det.lo
    CC   ../build/arb_mat/is_finite.lo
    CC   ../build/arb_mat/mul_threaded.lo
    CC   ../build/arb_mat/inlines.lo
    CC   ../build/arb_mat/trace.lo
    CC   ../build/arb_mat/mul_classical.lo
    CC   ../build/arb_mat/bound_frobenius_norm.lo
    CC   ../build/arb_mat/solve_triu.lo
    CC   ../build/arb_mat/dct.lo
    CC   ../build/arb_mat/det_lu.lo
    CC   ../build/arb_mat/hilbert.lo
    CC   ../build/arb_mat/lu.lo
    CC   ../build/arb_mat/solve_precond.lo
    CC   ../build/arb_mat/sqr_classical.lo
    CC   ../build/arb_mat/approx_solve_triu.lo
    CC   ../build/arb_mat/sqr.lo
    CC   ../build/arb_mat/spd_solve.lo
    CC   ../build/arb_mat/solve_cho_precomp.lo
    CC   ../build/arb_mat/../arb_mat.lo
make[2]: Leaving directory '/workspace/srcdir/arb/arb_mat'
make[2]: Entering directory '/workspace/srcdir/arb/arb_poly'
    CC   ../build/arb_poly/get_unique_fmpz_poly.lo
    CC   ../build/arb_poly/exp_series_basecase.lo
    CC   ../build/arb_poly/set.lo
    CC   ../build/arb_poly/sub.lo
    CC   ../build/arb_poly/exp_series.lo
    CC   ../build/arb_poly/evaluate_horner.lo
    CC   ../build/arb_poly/digamma_series.lo
    CC   ../build/arb_poly/contains.lo
    CC   ../build/arb_poly/product_roots.lo
    CC   ../build/arb_poly/taylor_shift.lo
    CC   ../build/arb_poly/normalise.lo
    CC   ../build/arb_poly/set_coeff_si.lo
    CC   ../build/arb_poly/sinh_cosh_series_basecase.lo
    CC   ../build/arb_poly/evaluate2_acb_rectangular.lo
    CC   ../build/arb_poly/compose.lo
    CC   ../build/arb_poly/fprintd.lo
    CC   ../build/arb_poly/sinh_cosh_series.lo
    CC   ../build/arb_poly/add_si.lo
    CC   ../build/arb_poly/taylor_shift_convolution.lo
    CC   ../build/arb_poly/taylor_shift_horner.lo
    CC   ../build/arb_poly/zeta_series.lo
    CC   ../build/arb_poly/derivative.lo
    CC   ../build/arb_poly/set_coeff_arb.lo
    CC   ../build/arb_poly/compose_divconquer.lo
    CC   ../build/arb_poly/divrem.lo
    CC   ../build/arb_poly/majorant.lo
    CC   ../build/arb_poly/set_trunc_round.lo
    CC   ../build/arb_poly/evaluate_rectangular.lo
    CC   ../build/arb_poly/pow_series.lo
    CC   ../build/arb_poly/pow_ui.lo
    CC   ../build/arb_poly/binomial_transform.lo
    CC   ../build/arb_poly/mul.lo
    CC   ../build/arb_poly/sinc_series.lo
    CC   ../build/arb_poly/valuation.lo
    CC   ../build/arb_poly/sub_series.lo
    CC   ../build/arb_poly/newton_convergence_factor.lo
    CC   ../build/arb_poly/sin_cos_series_tangent.lo
    CC   ../build/arb_poly/rgamma_series.lo
    CC   ../build/arb_poly/evaluate_vec_iter.lo
    CC   ../build/arb_poly/sinh_series.lo
    CC   ../build/arb_poly/div_series.lo
    CC   ../build/arb_poly/evaluate_acb.lo
    CC   ../build/arb_poly/compose_series.lo
    CC   ../build/arb_poly/add_series.lo
    CC   ../build/arb_poly/evaluate2_acb_horner.lo
    CC   ../build/arb_poly/interpolate_newton.lo
    CC   ../build/arb_poly/lambertw_series.lo
    CC   ../build/arb_poly/fit_length.lo
    CC   ../build/arb_poly/riemann_siegel_theta_series.lo
    CC   ../build/arb_poly/root_bound_fujiwara.lo
    CC   ../build/arb_poly/cot_pi_series.lo
    CC   ../build/arb_poly/pow_ui_trunc_binexp.lo
    CC   ../build/arb_poly/evaluate_acb_horner.lo
    CC   ../build/arb_poly/compose_series_horner.lo
    CC   ../build/arb_poly/borel_transform.lo
    CC   ../build/arb_poly/rsqrt_series.lo
    CC   ../build/arb_poly/init.lo
    CC   ../build/arb_poly/evaluate_vec_fast.lo
    CC   ../build/arb_poly/sin_pi_series.lo
    CC   ../build/arb_poly/add.lo
    CC   ../build/arb_poly/shift_right.lo
    CC   ../build/arb_poly/mullow_classical.lo
    CC   ../build/arb_poly/set_length.lo
    CC   ../build/arb_poly/binomial_transform_basecase.lo
    CC   ../build/arb_poly/sin_cos_series_basecase.lo
    CC   ../build/arb_poly/revert_series_lagrange_fast.lo
    CC   ../build/arb_poly/contains_fmpz_poly.lo
    CC   ../build/arb_poly/riemann_siegel_z_series.lo
    CC   ../build/arb_poly/interpolate_fast.lo
    CC   ../build/arb_poly/set_si.lo
    CC   ../build/arb_poly/binomial_transform_convolution.lo
    CC   ../build/arb_poly/div_root.lo
    CC   ../build/arb_poly/tree.lo
    CC   ../build/arb_poly/interpolate_barycentric.lo
    CC   ../build/arb_poly/log1p_series.lo
    CC   ../build/arb_poly/log_series.lo
    CC   ../build/arb_poly/evaluate2.lo
    CC   ../build/arb_poly/compose_horner.lo
    CC   ../build/arb_poly/newton_step.lo
    CC   ../build/arb_poly/pow_arb_series.lo
    CC   ../build/arb_poly/shift_left.lo
    CC   ../build/arb_poly/cosh_series.lo
    CC   ../build/arb_poly/reverse.lo
    CC   ../build/arb_poly/taylor_shift_divconquer.lo
    CC   ../build/arb_poly/evaluate2_horner.lo
    CC   ../build/arb_poly/randtest.lo
    CC   ../build/arb_poly/overlaps.lo
    CC   ../build/arb_poly/clear.lo
    CC   ../build/arb_poly/cos_series.lo
    CC   ../build/arb_poly/get_coeff_arb.lo
    CC   ../build/arb_poly/set_fmpz_poly.lo
    CC   ../build/arb_poly/equal.lo
    CC   ../build/arb_poly/newton_refine_root.lo
    CC   ../build/arb_poly/gamma_series.lo
    CC   ../build/arb_poly/inv_borel_transform.lo
    CC   ../build/arb_poly/acos_series.lo
    CC   ../build/arb_poly/revert_series_lagrange.lo
    CC   ../build/arb_poly/integral.lo
    CC   ../build/arb_poly/sin_cos_series.lo
    CC   ../build/arb_poly/revert_series_newton.lo
    CC   ../build/arb_poly/inlines.lo
    CC   ../build/arb_poly/rising_ui_series.lo
    CC   ../build/arb_poly/set_round.lo
    CC   ../build/arb_poly/tan_series.lo
    CC   ../build/arb_poly/evaluate2_rectangular.lo
    CC   ../build/arb_poly/evaluate_acb_rectangular.lo
    CC   ../build/arb_poly/sinh_cosh_series_exponential.lo
    CC   ../build/arb_poly/product_roots_complex.lo
    CC   ../build/arb_poly/compose_series_brent_kung.lo
    CC   ../build/arb_poly/sqrt_series.lo
    CC   ../build/arb_poly/lgamma_series.lo
    CC   ../build/arb_poly/sin_cos_pi_series.lo
    CC   ../build/arb_poly/sin_series.lo
    CC   ../build/arb_poly/cos_pi_series.lo
    CC   ../build/arb_poly/evaluate2_acb.lo
    CC   ../build/arb_poly/set_trunc.lo
    CC   ../build/arb_poly/mullow_block.lo
    CC   ../build/arb_poly/asin_series.lo
    CC   ../build/arb_poly/set_fmpq_poly.lo
    CC   ../build/arb_poly/inv_series.lo
    CC   ../build/arb_poly/mullow.lo
    CC   ../build/arb_poly/swinnerton_dyer_ui.lo
    CC   ../build/arb_poly/contains_fmpq_poly.lo
    CC   ../build/arb_poly/evaluate.lo
    CC   ../build/arb_poly/revert_series.lo
    CC   ../build/arb_poly/atan_series.lo
    CC   ../build/arb_poly/../arb_poly.lo
make[2]: Leaving directory '/workspace/srcdir/arb/arb_poly'
make[2]: Entering directory '/workspace/srcdir/arb/arb_calc'
    CC   ../build/arb_calc/isolate_roots.lo
    CC   ../build/arb_calc/newton_step.lo
    CC   ../build/arb_calc/refine_root_newton.lo
    CC   ../build/arb_calc/verbose.lo
    CC   ../build/arb_calc/newton_conv_factor.lo
    CC   ../build/arb_calc/refine_root_bisect.lo
    CC   ../build/arb_calc/../arb_calc.lo
make[2]: Leaving directory '/workspace/srcdir/arb/arb_calc'
make[2]: Entering directory '/workspace/srcdir/arb/acb'
    CC   ../build/acb/vec_clear.lo
    CC   ../build/acb/atan.lo
    CC   ../build/acb/exp_invexp.lo
    CC   ../build/acb/exp_pi_i.lo
    CC   ../build/acb/rising_ui_get_mag.lo
    CC   ../build/acb/lambertw_asymp.lo
    CC   ../build/acb/rising_ui_rs.lo
    CC   ../build/acb/barnes_g.lo
    CC   ../build/acb/sin_cos_pi.lo
    CC   ../build/acb/log.lo
    CC   ../build/acb/digamma.lo
    CC   ../build/acb/chebyshev_t2_ui.lo
    CC   ../build/acb/approx_dot.lo
    CC   ../build/acb/chebyshev_u2_ui.lo
    CC   ../build/acb/cot.lo
    CC   ../build/acb/get_mag_lower.lo
    CC   ../build/acb/clear.lo
    CC   ../build/acb/chebyshev_u_ui.lo
    CC   ../build/acb/csgn.lo
    CC   ../build/acb/rising2_ui.lo
    CC   ../build/acb/fprintd.lo
    CC   ../build/acb/tan_pi.lo
    CC   ../build/acb/sqrt.lo
    CC   ../build/acb/randtest.lo
    CC   ../build/acb/inv.lo
    CC   ../build/acb/cos_pi.lo
    CC   ../build/acb/sinc_pi.lo
    CC   ../build/acb/root_ui.lo
    CC   ../build/acb/div.lo
    CC   ../build/acb/expm1.lo
    CC   ../build/acb/submul.lo
    CC   ../build/acb/dot_simple.lo
    CC   ../build/acb/get_rad_ubound_arf.lo
    CC   ../build/acb/log_sin_pi.lo
    CC   ../build/acb/rsqrt.lo
    CC   ../build/acb/real_abs.lo
    CC   ../build/acb/mul_naive.lo
    CC   ../build/acb/sin_pi.lo
    CC   ../build/acb/real_ceil.lo
    CC   ../build/acb/vec_unit_roots.lo
    CC   ../build/acb/csch.lo
    CC   ../build/acb/lambertw.lo
    CC   ../build/acb/tan.lo
    CC   ../build/acb/atanh.lo
    CC   ../build/acb/polylog.lo
    CC   ../build/acb/real_heaviside.lo
    CC   ../build/acb/real_max.lo
    CC   ../build/acb/real_sqrtpos.lo
    CC   ../build/acb/rising_ui_bs.lo
    CC   ../build/acb/sinc.lo
    CC   ../build/acb/real_min.lo
    CC   ../build/acb/chebyshev_t_ui.lo
    CC   ../build/acb/vec_set_powers.lo
    CC   ../build/acb/cube.lo
    CC   ../build/acb/agm1.lo
    CC   ../build/acb/dot.lo
    CC   ../build/acb/polygamma.lo
    CC   ../build/acb/zeta.lo
    CC   ../build/acb/rel_error_bits.lo
    CC   ../build/acb/unit_root.lo
    CC   ../build/acb/fprintn.lo
    CC   ../build/acb/rising2_ui_bs.lo
    CC   ../build/acb/log1p.lo
    CC   ../build/acb/sin.lo
    CC   ../build/acb/lambertw_check_branch.lo
    CC   ../build/acb/real_sgn.lo
    CC   ../build/acb/get_abs_ubound_arf.lo
    CC   ../build/acb/arg.lo
    CC   ../build/acb/acos.lo
    CC   ../build/acb/real_floor.lo
    CC   ../build/acb/get_mag.lo
    CC   ../build/acb/sech.lo
    CC   ../build/acb/asin.lo
    CC   ../build/acb/rising_ui_rec.lo
    CC   ../build/acb/get_unique_fmpz.lo
    CC   ../build/acb/asinh.lo
    CC   ../build/acb/cot_pi.lo
    CC   ../build/acb/sgn.lo
    CC   ../build/acb/bernoulli_poly_ui.lo
    CC   ../build/acb/addmul.lo
    CC   ../build/acb/lambertw_bound_deriv.lo
    CC   ../build/acb/dot_precise.lo
    CC   ../build/acb/sin_cos.lo
    CC   ../build/acb/contains_int.lo
    CC   ../build/acb/inlines.lo
    CC   ../build/acb/acosh.lo
    CC   ../build/acb/vec_init.lo
    CC   ../build/acb/quadratic_roots_fmpz.lo
    CC   ../build/acb/mul.lo
    CC   ../build/acb/get_abs_lbound_arf.lo
    CC   ../build/acb/gamma.lo
    CC   ../build/acb/cos.lo
    CC   ../build/acb/pow.lo
    CC   ../build/acb/rising2_ui_rs.lo
    CC   ../build/acb/rising_ui.lo
    CC   ../build/acb/exp.lo
    CC   ../build/acb/vec_sort_pretty.lo
    CC   ../build/acb/../acb.lo
make[2]: Leaving directory '/workspace/srcdir/arb/acb'
make[2]: Entering directory '/workspace/srcdir/arb/acb_mat'
    CC   ../build/acb_mat/bound_frobenius_norm.lo
    CC   ../build/acb_mat/contains_fmpq_mat.lo
    CC   ../build/acb_mat/set.lo
    CC   ../build/acb_mat/eig_enclosure_rump.lo
    CC   ../build/acb_mat/sub.lo
    CC   ../build/acb_mat/det_precond.lo
    CC   ../build/acb_mat/contains.lo
    CC   ../build/acb_mat/inv.lo
    CC   ../build/acb_mat/approx_solve_lu_precomp.lo
    CC   ../build/acb_mat/randtest_eig.lo
    CC   ../build/acb_mat/pow_ui.lo
    CC   ../build/acb_mat/solve_lu.lo
    CC   ../build/acb_mat/set_fmpq_mat.lo
    CC   ../build/acb_mat/eig_simple_vdhoeven_mourrain.lo
    CC   ../build/acb_mat/fprintd.lo
    CC   ../build/acb_mat/set_fmpz_mat.lo
    CC   ../build/acb_mat/lu_recursive.lo
    CC   ../build/acb_mat/eq.lo
    CC   ../build/acb_mat/charpoly.lo
    CC   ../build/acb_mat/mul_reorder.lo
    CC   ../build/acb_mat/overlaps.lo
    CC   ../build/acb_mat/is_real.lo
    CC   ../build/acb_mat/contains_fmpz_mat.lo
    CC   ../build/acb_mat/is_exact.lo
    CC   ../build/acb_mat/one.lo
    CC   ../build/acb_mat/zero.lo
    CC   ../build/acb_mat/eig_multiple_rump.lo
    CC   ../build/acb_mat/eig_global_enclosure.lo
    CC   ../build/acb_mat/mul_entrywise.lo
    CC   ../build/acb_mat/randtest.lo
    CC   ../build/acb_mat/frobenius_norm.lo
    CC   ../build/acb_mat/set_round_arb_mat.lo
    CC   ../build/acb_mat/diag_prod.lo
    CC   ../build/acb_mat/approx_inv.lo
    CC   ../build/acb_mat/mul.lo
    CC   ../build/acb_mat/exp_taylor_sum.lo
    CC   ../build/acb_mat/eig_simple.lo
    CC   ../build/acb_mat/ne.lo
    CC   ../build/acb_mat/ones.lo
    CC   ../build/acb_mat/transpose.lo
    CC   ../build/acb_mat/window_init.lo
    CC   ../build/acb_mat/approx_eig_qr.lo
    CC   ../build/acb_mat/is_zero.lo
    CC   ../build/acb_mat/det.lo
    CC   ../build/acb_mat/approx_mul.lo
    CC   ../build/acb_mat/exp.lo
    CC   ../build/acb_mat/dft.lo
    CC   ../build/acb_mat/set_round_fmpz_mat.lo
    CC   ../build/acb_mat/solve_lu_precomp.lo
    CC   ../build/acb_mat/bound_inf_norm.lo
    CC   ../build/acb_mat/lu_classical.lo
    CC   ../build/acb_mat/find_pivot_partial.lo
    CC   ../build/acb_mat/solve_tril.lo
    CC   ../build/acb_mat/solve.lo
    CC   ../build/acb_mat/approx_solve.lo
    CC   ../build/acb_mat/is_triu.lo
    CC   ../build/acb_mat/eig_multiple.lo
    CC   ../build/acb_mat/companion.lo
    CC   ../build/acb_mat/is_tril.lo
    CC   ../build/acb_mat/approx_solve_tril.lo
    CC   ../build/acb_mat/equal.lo
    CC   ../build/acb_mat/indeterminate.lo
    CC   ../build/acb_mat/eig_simple_rump.lo
    CC   ../build/acb_mat/init.lo
    CC   ../build/acb_mat/approx_lu.lo
    CC   ../build/acb_mat/neg.lo
    CC   ../build/acb_mat/add.lo
    CC   ../build/acb_mat/is_finite.lo
    CC   ../build/acb_mat/conjugate.lo
    CC   ../build/acb_mat/mul_threaded.lo
    CC   ../build/acb_mat/inlines.lo
    CC   ../build/acb_mat/trace.lo
    CC   ../build/acb_mat/mul_classical.lo
    CC   ../build/acb_mat/clear.lo
    CC   ../build/acb_mat/solve_triu.lo
    CC   ../build/acb_mat/det_lu.lo
    CC   ../build/acb_mat/set_arb_mat.lo
    CC   ../build/acb_mat/lu.lo
    CC   ../build/acb_mat/solve_precond.lo
    CC   ../build/acb_mat/sqr_classical.lo
    CC   ../build/acb_mat/approx_solve_triu.lo
    CC   ../build/acb_mat/sqr.lo
    CC   ../build/acb_mat/../acb_mat.lo
make[2]: Leaving directory '/workspace/srcdir/arb/acb_mat'
make[2]: Entering directory '/workspace/srcdir/arb/acb_poly'
    CC   ../build/acb_poly/mullow_transpose_gauss.lo
    CC   ../build/acb_poly/get_unique_fmpz_poly.lo
    CC   ../build/acb_poly/evaluate_horner.lo
    CC   ../build/acb_poly/set.lo
    CC   ../build/acb_poly/sinh_series.lo
    CC   ../build/acb_poly/tree.lo
    CC   ../build/acb_poly/digamma_series.lo
    CC   ../build/acb_poly/contains.lo
    CC   ../build/acb_poly/taylor_shift.lo
    CC   ../build/acb_poly/normalise.lo
    CC   ../build/acb_poly/set_coeff_si.lo
    CC   ../build/acb_poly/sinh_cosh_series_basecase.lo
    CC   ../build/acb_poly/elliptic_p_series.lo
    CC   ../build/acb_poly/compose.lo
    CC   ../build/acb_poly/fprintd.lo
    CC   ../build/acb_poly/sinh_cosh_series.lo
    CC   ../build/acb_poly/erf_series.lo
    CC   ../build/acb_poly/taylor_shift_convolution.lo
    CC   ../build/acb_poly/taylor_shift_horner.lo
    CC   ../build/acb_poly/zeta_series.lo
    CC   ../build/acb_poly/derivative.lo
    CC   ../build/acb_poly/sin_cos_series_tangent.lo
    CC   ../build/acb_poly/valuation.lo
    CC   ../build/acb_poly/divrem.lo
    CC   ../build/acb_poly/majorant.lo
    CC   ../build/acb_poly/set_trunc_round.lo
    CC   ../build/acb_poly/evaluate_rectangular.lo
    CC   ../build/acb_poly/pow_series.lo
    CC   ../build/acb_poly/pow_ui.lo
    CC   ../build/acb_poly/binomial_transform.lo
    CC   ../build/acb_poly/mul.lo
    CC   ../build/acb_poly/sinc_series.lo
    CC   ../build/acb_poly/validate_real_roots.lo
    CC   ../build/acb_poly/revert_series_lagrange.lo
    CC   ../build/acb_poly/sub_series.lo
    CC   ../build/acb_poly/powsum_series_naive.lo
    CC   ../build/acb_poly/sinh_cosh_series_exponential.lo
    CC   ../build/acb_poly/gamma_series.lo
    CC   ../build/acb_poly/evaluate_vec_iter.lo
    CC   ../build/acb_poly/div_root.lo
    CC   ../build/acb_poly/div_series.lo
    CC   ../build/acb_poly/compose_divconquer.lo
    CC   ../build/acb_poly/compose_series.lo
    CC   ../build/acb_poly/add_series.lo
    CC   ../build/acb_poly/interpolate_newton.lo
    CC   ../build/acb_poly/lambertw_series.lo
    CC   ../build/acb_poly/fit_length.lo
    CC   ../build/acb_poly/root_bound_fujiwara.lo
    CC   ../build/acb_poly/cot_pi_series.lo
    CC   ../build/acb_poly/pow_ui_trunc_binexp.lo
    CC   ../build/acb_poly/inv_borel_transform.lo
    CC   ../build/acb_poly/compose_series_horner.lo
    CC   ../build/acb_poly/borel_transform.lo
    CC   ../build/acb_poly/add_si.lo
    CC   ../build/acb_poly/rsqrt_series.lo
    CC   ../build/acb_poly/init.lo
    CC   ../build/acb_poly/evaluate_vec_fast.lo
    CC   ../build/acb_poly/sin_pi_series.lo
    CC   ../build/acb_poly/zeta_em_bound.lo
    CC   ../build/acb_poly/lgamma_series.lo
    CC   ../build/acb_poly/add.lo
    CC   ../build/acb_poly/set_coeff_acb.lo
    CC   ../build/acb_poly/refine_roots_durand_kerner.lo
    CC   ../build/acb_poly/mullow_classical.lo
    CC   ../build/acb_poly/zeta_em_tail_naive.lo
    CC   ../build/acb_poly/set_length.lo
    CC   ../build/acb_poly/binomial_transform_basecase.lo
    CC   ../build/acb_poly/sin_cos_series_basecase.lo
    CC   ../build/acb_poly/revert_series_lagrange_fast.lo
    CC   ../build/acb_poly/contains_fmpz_poly.lo
    CC   ../build/acb_poly/interpolate_fast.lo
    CC   ../build/acb_poly/sin_cos_series.lo
    CC   ../build/acb_poly/exp_series_basecase.lo
    CC   ../build/acb_poly/exp_series.lo
    CC   ../build/acb_poly/zeta_em_sum.lo
    CC   ../build/acb_poly/interpolate_barycentric.lo
    CC   ../build/acb_poly/log1p_series.lo
    CC   ../build/acb_poly/polylog_series.lo
    CC   ../build/acb_poly/log_series.lo
    CC   ../build/acb_poly/evaluate2.lo
    CC   ../build/acb_poly/sub.lo
    CC   ../build/acb_poly/compose_horner.lo
    CC   ../build/acb_poly/agm1_series.lo
    CC   ../build/acb_poly/zeta_em_tail_bsplit.lo
    CC   ../build/acb_poly/shift_left.lo
    CC   ../build/acb_poly/cosh_series.lo
    CC   ../build/acb_poly/reverse.lo
    CC   ../build/acb_poly/taylor_shift_divconquer.lo
    CC   ../build/acb_poly/evaluate2_horner.lo
    CC   ../build/acb_poly/overlaps.lo
    CC   ../build/acb_poly/clear.lo
    CC   ../build/acb_poly/zeta_em_choose_param.lo
    CC   ../build/acb_poly/set_fmpz_poly.lo
    CC   ../build/acb_poly/equal.lo
    CC   ../build/acb_poly/revert_series_newton.lo
    CC   ../build/acb_poly/randtest.lo
    CC   ../build/acb_poly/validate_roots.lo
    CC   ../build/acb_poly/mullow_transpose.lo
    CC   ../build/acb_poly/integral.lo
    CC   ../build/acb_poly/elliptic_k_series.lo
    CC   ../build/acb_poly/root_inclusion.lo
    CC   ../build/acb_poly/inlines.lo
    CC   ../build/acb_poly/set2_arb_poly.lo
    CC   ../build/acb_poly/set_si.lo
    CC   ../build/acb_poly/set_round.lo
    CC   ../build/acb_poly/cos_pi_series.lo
    CC   ../build/acb_poly/tan_series.lo
    CC   ../build/acb_poly/binomial_transform_convolution.lo
    CC   ../build/acb_poly/evaluate2_rectangular.lo
    CC   ../build/acb_poly/set2_fmpq_poly.lo
    CC   ../build/acb_poly/powsum_one_series_sieved.lo
    CC   ../build/acb_poly/find_roots.lo
    CC   ../build/acb_poly/compose_series_brent_kung.lo
    CC   ../build/acb_poly/sqrt_series.lo
    CC   ../build/acb_poly/rgamma_series.lo
    CC   ../build/acb_poly/sin_cos_pi_series.lo
    CC   ../build/acb_poly/sin_series.lo
    CC   ../build/acb_poly/pow_acb_series.lo
    CC   ../build/acb_poly/exp_pi_i_series.lo
    CC   ../build/acb_poly/set2_fmpz_poly.lo
    CC   ../build/acb_poly/set_trunc.lo
    CC   ../build/acb_poly/product_roots.lo
    CC   ../build/acb_poly/cos_series.lo
    CC   ../build/acb_poly/get_coeff_acb.lo
    CC   ../build/acb_poly/shift_right.lo
    CC   ../build/acb_poly/inv_series.lo
    CC   ../build/acb_poly/mullow.lo
    CC   ../build/acb_poly/powsum_series_naive_threaded.lo
    CC   ../build/acb_poly/rising_ui_series.lo
    CC   ../build/acb_poly/contains_fmpq_poly.lo
    CC   ../build/acb_poly/evaluate.lo
    CC   ../build/acb_poly/revert_series.lo
    CC   ../build/acb_poly/atan_series.lo
    CC   ../build/acb_poly/../acb_poly.lo
make[2]: Leaving directory '/workspace/srcdir/arb/acb_poly'
make[2]: Entering directory '/workspace/srcdir/arb/acb_dft'
    CC   ../build/acb_dft/prod.lo
    CC   ../build/acb_dft/cyc.lo
    CC   ../build/acb_dft/convol_dft.lo
    CC   ../build/acb_dft/naive.lo
    CC   ../build/acb_dft/precomp.lo
    CC   ../build/acb_dft/bluestein.lo
    CC   ../build/acb_dft/convol_naive.lo
    CC   ../build/acb_dft/convol_rad2.lo
    CC   ../build/acb_dft/convol.lo
    CC   ../build/acb_dft/rad2.lo
    CC   ../build/acb_dft/step.lo
    CC   ../build/acb_dft/convol_mullow.lo
    CC   ../build/acb_dft/crt.lo
    CC   ../build/acb_dft/../acb_dft.lo
make[2]: Leaving directory '/workspace/srcdir/arb/acb_dft'
make[2]: Entering directory '/workspace/srcdir/arb/acb_calc'
    CC   ../build/acb_calc/cauchy_bound.lo
    CC   ../build/acb_calc/integrate_opt_init.lo
    CC   ../build/acb_calc/integrate.lo
    CC   ../build/acb_calc/integrate_taylor.lo
    CC   ../build/acb_calc/integrate_gl_auto_deg.lo
    CC   ../build/acb_calc/../acb_calc.lo
make[2]: Leaving directory '/workspace/srcdir/arb/acb_calc'
make[2]: Entering directory '/workspace/srcdir/arb/acb_hypgeom'
    CC   ../build/acb_hypgeom/airy_asymp.lo
    CC   ../build/acb_hypgeom/airy_jet.lo
    CC   ../build/acb_hypgeom/pfq_sum_rs.lo
    CC   ../build/acb_hypgeom/pfq_sum_forward.lo
    CC   ../build/acb_hypgeom/u_asymp.lo
    CC   ../build/acb_hypgeom/si_series.lo
    CC   ../build/acb_hypgeom/gamma_upper_series.lo
    CC   ../build/acb_hypgeom/dilog_bernoulli.lo
    CC   ../build/acb_hypgeom/li_series.lo
    CC   ../build/acb_hypgeom/gamma_lower.lo
    CC   ../build/acb_hypgeom/fresnel.lo
    CC   ../build/acb_hypgeom/2f1_choose.lo
    CC   ../build/acb_hypgeom/erfc.lo
    CC   ../build/acb_hypgeom/coulomb_jet.lo
    CC   ../build/acb_hypgeom/erfi_series.lo
    CC   ../build/acb_hypgeom/pfq.lo
    CC   ../build/acb_hypgeom/airy_series.lo
    CC   ../build/acb_hypgeom/legendre_q.lo
    CC   ../build/acb_hypgeom/dilog_bitburst.lo
    CC   ../build/acb_hypgeom/gamma_lower_series.lo
    CC   ../build/acb_hypgeom/legendre_p_uiui_rec.lo
    CC   ../build/acb_hypgeom/dilog_zero.lo
    CC   ../build/acb_hypgeom/dilog.lo
    CC   ../build/acb_hypgeom/shi.lo
    CC   ../build/acb_hypgeom/pfq_series_sum.lo
    CC   ../build/acb_hypgeom/ci.lo
    CC   ../build/acb_hypgeom/2f1_transform.lo
    CC   ../build/acb_hypgeom/ei.lo
    CC   ../build/acb_hypgeom/bessel_j.lo
    CC   ../build/acb_hypgeom/pfq_series_sum_bs.lo
    CC   ../build/acb_hypgeom/bessel_y.lo
    CC   ../build/acb_hypgeom/bessel_i.lo
    CC   ../build/acb_hypgeom/gegenbauer_c.lo
    CC   ../build/acb_hypgeom/pfq_series_sum_rs.lo
    CC   ../build/acb_hypgeom/pfq_series_sum_forward.lo
    CC   ../build/acb_hypgeom/erfc_series.lo
    CC   ../build/acb_hypgeom/dilog_zero_taylor.lo
    CC   ../build/acb_hypgeom/2f1.lo
    CC   ../build/acb_hypgeom/fresnel_series.lo
    CC   ../build/acb_hypgeom/li.lo
    CC   ../build/acb_hypgeom/beta_lower.lo
    CC   ../build/acb_hypgeom/legendre_p.lo
    CC   ../build/acb_hypgeom/chi_series.lo
    CC   ../build/acb_hypgeom/coulomb_series.lo
    CC   ../build/acb_hypgeom/laguerre_l.lo
    CC   ../build/acb_hypgeom/airy_bound.lo
    CC   ../build/acb_hypgeom/jacobi_p.lo
    CC   ../build/acb_hypgeom/pfq_direct.lo
    CC   ../build/acb_hypgeom/si.lo
    CC   ../build/acb_hypgeom/erf.lo
    CC   ../build/acb_hypgeom/chebyshev_u.lo
    CC   ../build/acb_hypgeom/u.lo
    CC   ../build/acb_hypgeom/gamma_upper.lo
    CC   ../build/acb_hypgeom/2f1_series_direct.lo
    CC   ../build/acb_hypgeom/airy_direct.lo
    CC   ../build/acb_hypgeom/pfq_sum_fme.lo
    CC   ../build/acb_hypgeom/hermite_h.lo
    CC   ../build/acb_hypgeom/erf_series.lo
    CC   ../build/acb_hypgeom/pfq_bound_factor.lo
    CC   ../build/acb_hypgeom/expint.lo
    CC   ../build/acb_hypgeom/2f1_direct.lo
    CC   ../build/acb_hypgeom/chebyshev_t.lo
    CC   ../build/acb_hypgeom/chi.lo
    CC   ../build/acb_hypgeom/dilog_transform.lo
    CC   ../build/acb_hypgeom/bessel_k.lo
    CC   ../build/acb_hypgeom/dilog_continuation.lo
    CC   ../build/acb_hypgeom/pfq_sum_bs.lo
    CC   ../build/acb_hypgeom/erfi.lo
    CC   ../build/acb_hypgeom/spherical_y.lo
    CC   ../build/acb_hypgeom/airy.lo
    CC   ../build/acb_hypgeom/u_use_asymp.lo
    CC   ../build/acb_hypgeom/pfq_choose_n.lo
    CC   ../build/acb_hypgeom/2f1_continuation.lo
    CC   ../build/acb_hypgeom/beta_lower_series.lo
    CC   ../build/acb_hypgeom/2f1_corner.lo
    CC   ../build/acb_hypgeom/shi_series.lo
    CC   ../build/acb_hypgeom/pfq_sum.lo
    CC   ../build/acb_hypgeom/ci_series.lo
    CC   ../build/acb_hypgeom/m.lo
    CC   ../build/acb_hypgeom/0f1.lo
    CC   ../build/acb_hypgeom/ei_series.lo
    CC   ../build/acb_hypgeom/coulomb.lo
    CC   ../build/acb_hypgeom/pfq_series_direct.lo
    CC   ../build/acb_hypgeom/../acb_hypgeom.lo
make[2]: Leaving directory '/workspace/srcdir/arb/acb_hypgeom'
make[2]: Entering directory '/workspace/srcdir/arb/acb_elliptic'
    CC   ../build/acb_elliptic/p_series.lo
    CC   ../build/acb_elliptic/k.lo
    CC   ../build/acb_elliptic/invariants.lo
    CC   ../build/acb_elliptic/e.lo
    CC   ../build/acb_elliptic/k_jet.lo
    CC   ../build/acb_elliptic/inv_p.lo
    CC   ../build/acb_elliptic/rf.lo
    CC   ../build/acb_elliptic/rc1.lo
    CC   ../build/acb_elliptic/k_series.lo
    CC   ../build/acb_elliptic/p_jet.lo
    CC   ../build/acb_elliptic/e_inc.lo
    CC   ../build/acb_elliptic/pi.lo
    CC   ../build/acb_elliptic/zeta.lo
    CC   ../build/acb_elliptic/f.lo
    CC   ../build/acb_elliptic/rj.lo
    CC   ../build/acb_elliptic/roots.lo
    CC   ../build/acb_elliptic/rg.lo
    CC   ../build/acb_elliptic/p.lo
    CC   ../build/acb_elliptic/../acb_elliptic.lo
make[2]: Leaving directory '/workspace/srcdir/arb/acb_elliptic'
make[2]: Entering directory '/workspace/srcdir/arb/acb_modular'
    CC   ../build/acb_modular/psl2z_inv.lo
    CC   ../build/acb_modular/elliptic_k.lo
    CC   ../build/acb_modular/delta.lo
    CC   ../build/acb_modular/theta_const_sum_rs.lo
    CC   ../build/acb_modular/theta.lo
    CC   ../build/acb_modular/elliptic_k_cpx.lo
    CC   ../build/acb_modular/elliptic_p.lo
    CC   ../build/acb_modular/theta_transform.lo
    CC   ../build/acb_modular/psl2z_mul.lo
    CC   ../build/acb_modular/theta_jet.lo
    CC   ../build/acb_modular/theta_jet_notransform.lo
    CC   ../build/acb_modular/fundamental_domain_approx_d.lo
    CC   ../build/acb_modular/fill_addseq.lo
    CC   ../build/acb_modular/fundamental_domain_approx.lo
    CC   ../build/acb_modular/hilbert_class_poly.lo
    CC   ../build/acb_modular/lambda.lo
    CC   ../build/acb_modular/eisenstein.lo
    CC   ../build/acb_modular/psl2z_is_one.lo
    CC   ../build/acb_modular/j.lo
    CC   ../build/acb_modular/eta.lo
    CC   ../build/acb_modular/psl2z_randtest.lo
    CC   ../build/acb_modular/psl2z_is_correct.lo
    CC   ../build/acb_modular/theta_sum.lo
    CC   ../build/acb_modular/elliptic_e.lo
    CC   ../build/acb_modular/eta_sum.lo
    CC   ../build/acb_modular/addseq.lo
    CC   ../build/acb_modular/transform.lo
    CC   ../build/acb_modular/is_in_fundamental_domain.lo
    CC   ../build/acb_modular/elliptic_p_zpx.lo
    CC   ../build/acb_modular/theta_const_sum_basecase.lo
    CC   ../build/acb_modular/epsilon_arg.lo
    CC   ../build/acb_modular/theta_const_sum.lo
    CC   ../build/acb_modular/fundamental_domain_approx_arf.lo
    CC   ../build/acb_modular/../acb_modular.lo
make[2]: Leaving directory '/workspace/srcdir/arb/acb_modular'
make[2]: Entering directory '/workspace/srcdir/arb/dirichlet'
    CC   ../build/dirichlet/char_print.lo
    CC   ../build/dirichlet/char_pow.lo
    CC   ../build/dirichlet/char_index.lo
    CC   ../build/dirichlet/group_clear.lo
    CC   ../build/dirichlet/char_conductor.lo
    CC   ../build/dirichlet/char_next_primitive.lo
    CC   ../build/dirichlet/char_order.lo
    CC   ../build/dirichlet/char_lower.lo
    CC   ../build/dirichlet/pairing_char.lo
    CC   ../build/dirichlet/ui_parity.lo
    CC   ../build/dirichlet/char_log.lo
    CC   ../build/dirichlet/chi_vec_primeloop.lo
    CC   ../build/dirichlet/char.lo
    CC   ../build/dirichlet/group_num_primitive.lo
    CC   ../build/dirichlet/char_lift.lo
    CC   ../build/dirichlet/ui_conductor.lo
    CC   ../build/dirichlet/ui_order.lo
    CC   ../build/dirichlet/char_exp.lo
    CC   ../build/dirichlet/char_mul.lo
    CC   ../build/dirichlet/chi.lo
    CC   ../build/dirichlet/group_init.lo
    CC   ../build/dirichlet/char_next.lo
    CC   ../build/dirichlet/pairing.lo
    CC   ../build/dirichlet/char_first_primitive.lo
    CC   ../build/dirichlet/ui_vec_set_null.lo
    CC   ../build/dirichlet/char_one.lo
    CC   ../build/dirichlet/chi_vec_loop.lo
    CC   ../build/dirichlet/char_eq_deep.lo
    CC   ../build/dirichlet/group_dlog_precompute.lo
    CC   ../build/dirichlet/char_parity.lo
    CC   ../build/dirichlet/chi_vec.lo
    CC   ../build/dirichlet/index_char.lo
    CC   ../build/dirichlet/../dirichlet.lo
make[2]: Leaving directory '/workspace/srcdir/arb/dirichlet'
make[2]: Entering directory '/workspace/srcdir/arb/acb_dirichlet'
    CC   ../build/acb_dirichlet/gauss_sum_theta.lo
    CC   ../build/acb_dirichlet/qseries_arb_powers.lo
    CC   ../build/acb_dirichlet/ui_theta_arb.lo
    CC   ../build/acb_dirichlet/root.lo
    CC   ../build/acb_dirichlet/zeta_bound.lo
    CC   ../build/acb_dirichlet/root_number.lo
    CC   ../build/acb_dirichlet/zeta_rs_d_coeffs.lo
    CC   ../build/acb_dirichlet/gauss_sum_order2.lo
    CC   ../build/acb_dirichlet/gram_point.lo
    CC   ../build/acb_dirichlet/zeta_rs_bound.lo
    CC   ../build/acb_dirichlet/theta_arb.lo
    CC   ../build/acb_dirichlet/hurwitz.lo
    CC   ../build/acb_dirichlet/zeta_zeros.lo
    CC   ../build/acb_dirichlet/dft.lo
    CC   ../build/acb_dirichlet/powsum_smooth.lo
    CC   ../build/acb_dirichlet/hardy_z_zero.lo
    CC   ../build/acb_dirichlet/hurwitz_precomp_eval.lo
    CC   ../build/acb_dirichlet/jacobi_sum_naive.lo
    CC   ../build/acb_dirichlet/qseries_arb.lo
    CC   ../build/acb_dirichlet/hurwitz_precomp_choose_param.lo
    CC   ../build/acb_dirichlet/hardy_theta_series.lo
    CC   ../build/acb_dirichlet/backlund_s_bound.lo
    CC   ../build/acb_dirichlet/l.lo
    CC   ../build/acb_dirichlet/roots_clear.lo
    CC   ../build/acb_dirichlet/jacobi_sum.lo
    CC   ../build/acb_dirichlet/powsum_sieved.lo
    CC   ../build/acb_dirichlet/hurwitz_precomp_clear.lo
    CC   ../build/acb_dirichlet/l_series.lo
    CC   ../build/acb_dirichlet/euler_product_real_ui.lo
    CC   ../build/acb_dirichlet/gauss_sum_naive.lo
    CC   ../build/acb_dirichlet/hurwitz_precomp_bound.lo
    CC   ../build/acb_dirichlet/l_hurwitz.lo
    CC   ../build/acb_dirichlet/si_poly_evaluate.lo
    CC   ../build/acb_dirichlet/hurwitz_precomp_init.lo
    CC   ../build/acb_dirichlet/gauss_sum.lo
    CC   ../build/acb_dirichlet/hardy_z_series.lo
    CC   ../build/acb_dirichlet/turing_method_bound.lo
    CC   ../build/acb_dirichlet/arb_quadratic_powers.lo
    CC   ../build/acb_dirichlet/pairing_conrey.lo
    CC   ../build/acb_dirichlet/chi_vec.lo
    CC   ../build/acb_dirichlet/zeta.lo
    CC   ../build/acb_dirichlet/l_euler_product.lo
    CC   ../build/acb_dirichlet/hardy_z.lo
    CC   ../build/acb_dirichlet/zeta_rs_r.lo
    CC   ../build/acb_dirichlet/pairing.lo
    CC   ../build/acb_dirichlet/xi.lo
    CC   ../build/acb_dirichlet/zeta_rs.lo
    CC   ../build/acb_dirichlet/gauss_sum_factor.lo
    CC   ../build/acb_dirichlet/hardy_theta.lo
    CC   ../build/acb_dirichlet/zeta_jet.lo
    CC   ../build/acb_dirichlet/l_vec_hurwitz.lo
    CC   ../build/acb_dirichlet/stieltjes.lo
    CC   ../build/acb_dirichlet/zeta_rs_f_coeffs.lo
    CC   ../build/acb_dirichlet/chi.lo
    CC   ../build/acb_dirichlet/l_jet.lo
    CC   ../build/acb_dirichlet/vec_mellin_arb.lo
    CC   ../build/acb_dirichlet/isolate_hardy_z_zero.lo
    CC   ../build/acb_dirichlet/zeta_jet_rs.lo
    CC   ../build/acb_dirichlet/jacobi_sum_factor.lo
    CC   ../build/acb_dirichlet/eta.lo
    CC   ../build/acb_dirichlet/powsum_term.lo
    CC   ../build/acb_dirichlet/jacobi_sum_gauss.lo
    CC   ../build/acb_dirichlet/roots_init.lo
    CC   ../build/acb_dirichlet/backlund_s.lo
    CC   ../build/acb_dirichlet/backlund_s_gram.lo
    CC   ../build/acb_dirichlet/theta_length.lo
    CC   ../build/acb_dirichlet/../acb_dirichlet.lo
make[2]: Leaving directory '/workspace/srcdir/arb/acb_dirichlet'
make[2]: Entering directory '/workspace/srcdir/arb/arb_hypgeom'
    CC   ../build/arb_hypgeom/legendre_p_ui_rec.lo
    CC   ../build/arb_hypgeom/si_series.lo
    CC   ../build/arb_hypgeom/wrappers.lo
    CC   ../build/arb_hypgeom/li_series.lo
    CC   ../build/arb_hypgeom/legendre_p_ui_root.lo
    CC   ../build/arb_hypgeom/erfi_series.lo
    CC   ../build/arb_hypgeom/legendre_p_ui.lo
    CC   ../build/arb_hypgeom/gamma_lower_series.lo
    CC   ../build/arb_hypgeom/airy_zero.lo
    CC   ../build/arb_hypgeom/airy_series.lo
    CC   ../build/arb_hypgeom/airy_jet.lo
    CC   ../build/arb_hypgeom/legendre_p.lo
    CC   ../build/arb_hypgeom/central_bin_ui.lo
    CC   ../build/arb_hypgeom/fresnel_series.lo
    CC   ../build/arb_hypgeom/erfc_series.lo
    CC   ../build/arb_hypgeom/legendre_p_ui_zero.lo
    CC   ../build/arb_hypgeom/airy.lo
    CC   ../build/arb_hypgeom/legendre_p_ui_asymp.lo
    CC   ../build/arb_hypgeom/erf_series.lo
    CC   ../build/arb_hypgeom/legendre_p_ui_one.lo
    CC   ../build/arb_hypgeom/chi_series.lo
    CC   ../build/arb_hypgeom/coulomb.lo
    CC   ../build/arb_hypgeom/beta_lower_series.lo
    CC   ../build/arb_hypgeom/gamma_upper_series.lo
    CC   ../build/arb_hypgeom/shi_series.lo
    CC   ../build/arb_hypgeom/coulomb_jet.lo
    CC   ../build/arb_hypgeom/ci_series.lo
    CC   ../build/arb_hypgeom/coulomb_series.lo
    CC   ../build/arb_hypgeom/ei_series.lo
    CC   ../build/arb_hypgeom/../arb_hypgeom.lo
make[2]: Leaving directory '/workspace/srcdir/arb/arb_hypgeom'
make[2]: Entering directory '/workspace/srcdir/arb/bernoulli'
    CC   ../build/bernoulli/fmpq_ui.lo
    CC   ../build/bernoulli/rev_next.lo
    CC   ../build/bernoulli/rev_clear.lo
    CC   ../build/bernoulli/bound_2exp_si.lo
    CC   ../build/bernoulli/cache_compute.lo
    CC   ../build/bernoulli/rev_init.lo
    CC   ../build/bernoulli/fmpq_ui_zeta.lo
    CC   ../build/bernoulli/../bernoulli.lo
make[2]: Leaving directory '/workspace/srcdir/arb/bernoulli'
make[2]: Entering directory '/workspace/srcdir/arb/hypgeom'
    CC   ../build/hypgeom/bound.lo
    CC   ../build/hypgeom/sum.lo
    CC   ../build/hypgeom/precompute.lo
    CC   ../build/hypgeom/init.lo
    CC   ../build/hypgeom/estimate_terms_d.lo
    CC   ../build/hypgeom/../hypgeom.lo
make[2]: Leaving directory '/workspace/srcdir/arb/hypgeom'
make[2]: Entering directory '/workspace/srcdir/arb/fmpz_extras'
    CC   ../build/fmpz_extras/sub_small_large.lo
    CC   ../build/fmpz_extras/lshift_mpn.lo
    CC   ../build/fmpz_extras/../fmpz_extras.lo
make[2]: Leaving directory '/workspace/srcdir/arb/fmpz_extras'
make[2]: Entering directory '/workspace/srcdir/arb/bool_mat'
    CC   ../build/bool_mat/get_strongly_connected_components.lo
    CC   ../build/bool_mat/set.lo
    CC   ../build/bool_mat/nilpotency_degree.lo
    CC   ../build/bool_mat/one.lo
    CC   ../build/bool_mat/directed_path.lo
    CC   ../build/bool_mat/is_lower_triangular.lo
    CC   ../build/bool_mat/directed_cycle.lo
    CC   ../build/bool_mat/clear.lo
    CC   ../build/bool_mat/add.lo
    CC   ../build/bool_mat/zero.lo
    CC   ../build/bool_mat/mul_entrywise.lo
    CC   ../build/bool_mat/randtest.lo
    CC   ../build/bool_mat/pow_ui.lo
    CC   ../build/bool_mat/is_diagonal.lo
    CC   ../build/bool_mat/is_transitive.lo
    CC   ../build/bool_mat/complement.lo
    CC   ../build/bool_mat/transpose.lo
    CC   ../build/bool_mat/any.lo
    CC   ../build/bool_mat/is_nilpotent.lo
    CC   ../build/bool_mat/fprint.lo
    CC   ../build/bool_mat/equal.lo
    CC   ../build/bool_mat/init.lo
    CC   ../build/bool_mat/transitive_closure.lo
    CC   ../build/bool_mat/all_pairs_longest_walk.lo
    CC   ../build/bool_mat/trace.lo
    CC   ../build/bool_mat/mul.lo
    CC   ../build/bool_mat/all.lo
    CC   ../build/bool_mat/../bool_mat.lo
make[2]: Leaving directory '/workspace/srcdir/arb/bool_mat'
make[2]: Entering directory '/workspace/srcdir/arb/partitions'
    CC   ../build/partitions/hrr_sum_arb.lo
    CC   ../build/partitions/leading_fmpz.lo
    CC   ../build/partitions/fmpz_fmpz.lo
    CC   ../build/partitions/rademacher_bound.lo
    CC   ../build/partitions/../partitions.lo
make[2]: Leaving directory '/workspace/srcdir/arb/partitions'
make[2]: Entering directory '/workspace/srcdir/arb/dlog'
    CC   ../build/dlog/factor_group.lo
    CC   ../build/dlog/power_init.lo
    CC   ../build/dlog/power.lo
    CC   ../build/dlog/crt_init.lo
    CC   ../build/dlog/1modpe_mod1p.lo
    CC   ../build/dlog/mod2e.lo
    CC   ../build/dlog/1modpe_init.lo
    CC   ../build/dlog/vec_eratos.lo
    CC   ../build/dlog/once.lo
    CC   ../build/dlog/vec_set_not_found.lo
    CC   ../build/dlog/modpe.lo
    CC   ../build/dlog/vec_eratos_add.lo
    CC   ../build/dlog/vec_loop.lo
    CC   ../build/dlog/order23_init.lo
    CC   ../build/dlog/bsgs_init.lo
    CC   ../build/dlog/precomp.lo
    CC   ../build/dlog/1modpe.lo
    CC   ../build/dlog/modpe_init.lo
    CC   ../build/dlog/vec_loop_add.lo
    CC   ../build/dlog/vec.lo
    CC   ../build/dlog/vec_add_precomp.lo
    CC   ../build/dlog/table.lo
    CC   ../build/dlog/crt_clear.lo
    CC   ../build/dlog/vec_sieve_precomp.lo
    CC   ../build/dlog/vec_add.lo
    CC   ../build/dlog/precomp_small_init.lo
    CC   ../build/dlog/precomp_modpe_init.lo
    CC   ../build/dlog/table_init.lo
    CC   ../build/dlog/bsgs.lo
    CC   ../build/dlog/vec_sieve.lo
    CC   ../build/dlog/vec_sieve_add_precomp.lo
    CC   ../build/dlog/precomp_pe_init.lo
    CC   ../build/dlog/rho.lo
    CC   ../build/dlog/vec_sieve_add.lo
    CC   ../build/dlog/vec_pindex_factorgcd.lo
    CC   ../build/dlog/rho_init.lo
    CC   ../build/dlog/precomp_p_init.lo
    CC   ../build/dlog/precomp_clear.lo
    CC   ../build/dlog/order23.lo
    CC   ../build/dlog/precomp_n_init.lo
    CC   ../build/dlog/vec_fill.lo
    CC   ../build/dlog/crt.lo
    CC   ../build/dlog/../dlog.lo
make[2]: Leaving directory '/workspace/srcdir/arb/dlog'
make[2]: Entering directory '/workspace/srcdir/arb/arb_fmpz_poly'
    CC   ../build/arb_fmpz_poly/evaluate_arb.lo
    CC   ../build/arb_fmpz_poly/evaluate_arb_horner.lo
    CC   ../build/arb_fmpz_poly/evaluate_arb_rectangular.lo
    CC   ../build/arb_fmpz_poly/evaluate_acb_rectangular.lo
    CC   ../build/arb_fmpz_poly/deflate.lo
    CC   ../build/arb_fmpz_poly/inlines.lo
    CC   ../build/arb_fmpz_poly/evaluate_acb.lo
    CC   ../build/arb_fmpz_poly/complex_roots.lo
    CC   ../build/arb_fmpz_poly/gauss_period_minpoly.lo
    CC   ../build/arb_fmpz_poly/evaluate_acb_horner.lo
    CC   ../build/arb_fmpz_poly/deflation.lo
    CC   ../build/arb_fmpz_poly/../arb_fmpz_poly.lo
make[2]: Leaving directory '/workspace/srcdir/arb/arb_fmpz_poly'
ln -sf "libarb.so.2.7.0" "libarb.so"; \
ln -sf "libarb.so.2.7.0" "libarb.so.2"; \

make[1]: Leaving directory '/workspace/srcdir/arb'
make[1]: Entering directory '/workspace/srcdir/arb'
make[1]: Nothing to be done for 'shared'.
make[1]: Leaving directory '/workspace/srcdir/arb'
mkdir -p /workspace/destdir/lib
mkdir -p /workspace/destdir/include
cp  fmpr.h  arf.h  mag.h  arb.h  arb_mat.h  arb_poly.h  arb_calc.h  acb.h  acb_mat.h  acb_poly.h  acb_dft.h  acb_calc.h  acb_hypgeom.h  acb_elliptic.h  acb_modular.h  dirichlet.h  acb_dirichlet.h  arb_hypgeom.h  bernoulli.h  hypgeom.h  fmpz_extras.h  bool_mat.h  partitions.h  dlog.h  arb_fmpz_poly.h /workspace/destdir/include
